%EventDef PajeDefineContainerType 0 
%       Alias string 
%       ContainerType string 
%       Name string 
%EndEventDef 
%EventDef PajeDefineStateType 1 
%       Alias string 
%       ContainerType string 
%       Name string 
%EndEventDef 
%EventDef PajeDefineEntityValue 2 
%       Alias string 
%       EntityType string 
%       Name string 
%EndEventDef 
%EventDef PajeDefineEventType 3 
%       Alias string 
%       EntityType string 
%       Name string 
%EndEventDef 
%EventDef PajeDefineLinkType 4 
%       Alias string 
%       ContainerType string 
%       SourceContainerType string 
%       DestContainerType string 
%       Name string 
%EndEventDef 
%EventDef PajeCreateContainer 5 
%       Time date 
%       Alias string 
%       Type string 
%       Container string 
%       Name string 
%EndEventDef 
%EventDef PajeDestroyContainer 9 
%       Time date 
%       Type string 
%       Container string 
%EndEventDef 
%EventDef PajeSetState 6 
%       Time date 
%       EntityType string 
%       Container string 
%       Value string 
%EndEventDef
%EventDef PajePopState 8 
%       Time date 
%       EntityType string 
%       Container string 
%EndEventDef
%EventDef PajeStartLink 12 
%       Time date 
%       EntityType string 
%       Container string 
%       Value string 
%       SourceContainer string 
%       Key string 
%EndEventDef
%EventDef PajeEndLink 13 
%       Time date 
%       EntityType string 
%       Container string 
%       Value string 
%       DestContainer string 
%       Key string 
%EndEventDef
%EventDef PajePushState 19 
%       Time date 
%       EntityType string 
%       Container string 
%       Value string 
%EndEventDef
%EventDef PajeSetVariable 22 
%       Time date 
%       EntityType string 
%       Container string 
%       Value string 
%EndEventDef
%EventDef PajeAddVariable 23 
%       Time date 
%       EntityType string 
%       Container string 
%       Value string 
%EndEventDef
%EventDef PajeSubVariable 24 
%       Time date 
%       EntityType string 
%       Container string 
%       Value string 
%EndEventDef
%EventDef PajeDefineVariableType 25 
%       Alias string 
%       ContainerType string 
%       Name string 
%EndEventDef 
%EventDef PajeDefineVariableType 21 
%       Alias string 
%       ContainerType string 
%       Name string 
%       Color color 
%EndEventDef 
%EventDef PajeStartLink 26 
%       Time date 
%       EntityType string 
%       Container string 
%       Value string 
%       SourceContainer string 
%       Key string 
%       Volume string 
%EndEventDef
%EventDef PajeNewEvent 27 
%       Time date 
%       EntityType string 
%       Container string 
%       Value string 
%EndEventDef
0 PLATFORM 0 platform
0 HOST PLATFORM HOST
0 LINK PLATFORM LINK
5 0.000000 platform PLATFORM 0 simgrid-platform
0 user_type 0 user_type
5 0.000000 compute user_type 0 compute
5 0.000000 finalize user_type 0 finalize
5 0.000000 Tremblay HOST platform Tremblay
5 0.000000 Jupiter HOST platform Jupiter
5 0.000000 Fafard HOST platform Fafard
5 0.000000 Ginette HOST platform Ginette
5 0.000000 Bourassa HOST platform Bourassa
5 0.000000 0x9ba7920 LINK platform 6
5 0.000000 0x9ba7d40 LINK platform 11
5 0.000000 0x9ba8160 LINK platform 3
5 0.000000 0x9ba8580 LINK platform 7
5 0.000000 0x9ba89a0 LINK platform 9
5 0.000000 0x9ba8dc0 LINK platform 12
5 0.000000 0x9ba91e0 LINK platform 2
5 0.000000 0x9ba9600 LINK platform 8
5 0.000000 0x9ba9a20 LINK platform 1
5 0.000000 0x9ba9e40 LINK platform 4
5 0.000000 0x9baa260 LINK platform 0
5 0.000000 0x9baa680 LINK platform 10
5 0.000000 0x9baaaa0 LINK platform 5
27 0.000000 source 0x9ba89a0 Tremblay
27 0.000000 destination 0x9ba89a0 Jupiter
27 0.000000 source 0x9ba89a0 Jupiter
27 0.000000 destination 0x9ba89a0 Tremblay
9 7.499872 HOST Fafard
9 7.499872 HOST Tremblay
9 7.499872 HOST Bourassa
9 7.499872 HOST Jupiter
9 7.499872 HOST Ginette
9 7.499872 LINK 0x9ba91e0
9 7.499872 LINK 0x9ba8160
9 7.499872 LINK 0x9ba9a20
9 7.499872 LINK 0x9baa680
9 7.499872 LINK 0x9ba89a0
9 7.499872 LINK 0x9ba7920
9 7.499872 LINK 0x9ba8dc0
9 7.499872 LINK 0x9baaaa0
9 7.499872 LINK 0x9ba8580
9 7.499872 LINK 0x9baa260
9 7.499872 LINK 0x9ba7d40
9 7.499872 LINK 0x9ba9e40
9 7.499872 LINK 0x9ba9600
