$ ./test_server 12345 & ./test_client 127.0.0.1 12345
Client ready; listening on 1024
we sent the data to the server on 127.0.0.1. Let's do it again for fun
Ok. Enough. Have a rest, and then kill the server
Cool, we received the message from 127.0.0.1:1024.
[blaise:client:(13192) 0.000005] gras/gras.c:83: [gras/INFO] Exiting GRAS
Cool, we received the message from 127.0.0.1:1024.
Argh, killed by 127.0.0.1:1024! Bye folks...
[blaise:server:(13190) 0.000005] gras/gras.c:83: [gras/INFO] Exiting GRAS
$
$ ./test_simulator platform.xml test.xml
Client ready; listening on 1024
we sent the data to the server on Jacquelin. Let's do it again for fun
Cool, we received the message from Boivin:1024.
Ok. Enough. Have a rest, and then kill the server
Cool, we received the message from Boivin:1024.
[Boivin:client:(2) 0.000000] gras/gras.c:83: [gras/INFO] Exiting GRAS
Argh, killed by Boivin:1024! Bye folks...
[Jacquelin:server:(1) 0.000000] gras/gras.c:83: [gras/INFO] Exiting GRAS
[0.000000] msg/global.c:475: [msg_kernel/INFO] Congratulations ! Simulation terminated : all processes are over
$
