#
# A fatal error has been detected by the Java Runtime Environment:
#
#  SIGSEGV (0xb) at pc=0x7f3026c3, pid=27276, tid=3063774064
#
# JRE version: 6.0_22-b04
# Java VM: Java HotSpot(TM) Server VM (17.1-b03 mixed mode linux-x86 )
# Problematic frame:
# C  [libsimgrid.so.3.5+0x336c3]  xbt_fifo_push_item+0xc3
#
# If you would like to submit a bug report, please visit:
#   http://java.sun.com/webapps/bugreport/crash.jsp
# The crash happened outside the Java Virtual Machine in native code.
# See problematic frame for where to report the bug.
#

---------------  T H R E A D  ---------------

Current thread (0x0850e000):  JavaThread "main" [_thread_in_native, id=27332, stack(0xb6987000,0xb69d8000)]

siginfo:si_signo=SIGSEGV: si_errno=0, si_code=1 (SEGV_MAPERR), si_addr=0x00000004

Registers:
EAX=0x085cfe70, EBX=0x7f3f3d38, ECX=0x00000000, EDX=0x00000000
ESP=0xb69d6640, EBP=0xb69d6668, ESI=0x00000000, EDI=0x085d00b0
EIP=0x7f3026c3, CR2=0x00000004, EFLAGS=0x00010246

Top of Stack: (sp=0xb69d6640)
0xb69d6640:   b7169668 0850e910 b69d6668 00000000
0xb69d6650:   0000000e b69d6550 7f2d70d8 7f3f3d38
0xb69d6660:   085cfe70 085d00b0 b69d6688 7f33166b
0xb69d6670:   00000000 085cfe70 b77325d6 7f3f3d38
0xb69d6680:   7f3f3d38 085d9968 b69d66c8 7f3317b0
0xb69d6690:   00000000 085d00b0 001259a8 7f2cf000
0xb69d66a0:   00000000 bff00000 00000000 3ff00000
0xb69d66b0:   b69d6708 b77382c0 085d66c8 7f3f3d38 

Instructions: (pc=0x7f3026c3)
0x7f3026b3:   fe ff 8d 76 00 8b 48 08 85 c9 0f 85 68 ff ff ff
0x7f3026c3:   8b 7a 04 83 02 01 85 ff 74 2b 8b 4a 08 89 48 08 

Stack: [0xb6987000,0xb69d8000],  sp=0xb69d6640,  free space=13db69d5fc0k
Native frames: (J=compiled Java code, j=interpreted, Vv=VM code, C=native code)
C  [libsimgrid.so.3.5+0x336c3]  xbt_fifo_push_item+0xc3
C  [libsimgrid.so.3.5+0x6266b]  xbt_fifo_push+0x3b
C  [libsimgrid.so.3.5+0x627b0]  SIMIX_comm_isend+0xa0
C  [libsimgrid.so.3.5+0x8c87a]  SIMIX_request_pre+0x1ea
C  [libsimgrid.so.3.5+0x9581e]  SIMIX_run+0x3e
C  [libsimgrid.so.3.5+0x959dc]  MSG_main+0x3c
C  [libsimgrid.so.3.5+0x95a0f]  Java_simgrid_msg_Msg_run+0x1f
j  simgrid.msg.Msg.run()V+0
j  PingPongTest.main([Ljava/lang/String;)V+36
v  ~StubRoutines::call_stub
V  [libjvm.so+0x395980]
V  [libjvm.so+0x579408]
V  [libjvm.so+0x3957df]
V  [libjvm.so+0x3c7c83]
V  [libjvm.so+0x3b7edc]
C  [java+0x1b98]  JavaMain+0x2c8
C  [libpthread.so.0+0x5955]

Java frames: (J=compiled Java code, j=interpreted, Vv=VM code)
j  simgrid.msg.Msg.run()V+0
j  PingPongTest.main([Ljava/lang/String;)V+36
v  ~StubRoutines::call_stub

---------------  P R O C E S S  ---------------

Java Threads: ( => current thread )
  0x085da800 JavaThread "Thread-1" [_thread_blocked, id=27449, stack(0x7f0c5000,0x7f116000)]
  0x085d9c00 JavaThread "Thread-0" [_thread_blocked, id=27447, stack(0x7f116000,0x7f167000)]
  0x085a7400 JavaThread "Low Memory Detector" daemon [_thread_blocked, id=27434, stack(0x7f47b000,0x7f4cc000)]
  0x085a4000 JavaThread "CompilerThread1" daemon [_thread_blocked, id=27433, stack(0x7f4cc000,0x7f54d000)]
  0x085a2000 JavaThread "CompilerThread0" daemon [_thread_blocked, id=27432, stack(0x7f54d000,0x7f5ce000)]
  0x085a0800 JavaThread "Signal Dispatcher" daemon [_thread_blocked, id=27430, stack(0x7f5ce000,0x7f61f000)]
  0x0858d800 JavaThread "Finalizer" daemon [_thread_blocked, id=27374, stack(0x7f794000,0x7f7e5000)]
  0x0858c000 JavaThread "Reference Handler" daemon [_thread_blocked, id=27373, stack(0x7f7e5000,0x7f836000)]
=>0x0850e000 JavaThread "main" [_thread_in_native, id=27332, stack(0xb6987000,0xb69d8000)]

Other Threads:
  0x08589800 VMThread [stack: 0x7f836000,0x7f8b7000] [id=27369]
  0x085a9400 WatcherThread [stack: 0x7f3fa000,0x7f47b000] [id=27436]

VM state:not at safepoint (normal execution)

VM Mutex/Monitor currently owned by a thread: None

Heap
 PSYoungGen      total 14208K, used 978K [0xa3a40000, 0xa4a10000, 0xb3840000)
  eden space 12224K, 8% used [0xa3a40000,0xa3b34800,0xa4630000)
  from space 1984K, 0% used [0xa4820000,0xa4820000,0xa4a10000)
  to   space 1984K, 0% used [0xa4630000,0xa4630000,0xa4820000)
 PSOldGen        total 32512K, used 0K [0x83e40000, 0x85e00000, 0xa3a40000)
  object space 32512K, 0% used [0x83e40000,0x83e40000,0x85e00000)
 PSPermGen       total 16384K, used 1943K [0x7fe40000, 0x80e40000, 0x83e40000)
  object space 16384K, 11% used [0x7fe40000,0x80025f98,0x80e40000)

Dynamic libraries:
08048000-08052000 r-xp 00000000 08:01 9338       /usr/lib/jvm/java-6-sun-1.6.0.22/jre/bin/java
08052000-08053000 rwxp 00009000 08:01 9338       /usr/lib/jvm/java-6-sun-1.6.0.22/jre/bin/java
08508000-085fd000 rwxp 00000000 00:00 0          [heap]
105dc000-105dd000 rwxp 00000000 00:00 0 
7f0c5000-7f0c8000 ---p 00000000 00:00 0 
7f0c8000-7f116000 rwxp 00000000 00:00 0 
7f116000-7f119000 ---p 00000000 00:00 0 
7f119000-7f167000 rwxp 00000000 00:00 0 
7f25d000-7f282000 r-xp 00000000 08:01 147450     /usr/lib/liblua5.1.so.0.0.0
7f282000-7f283000 rwxp 00024000 08:01 147450     /usr/lib/liblua5.1.so.0.0.0
7f283000-7f2b5000 r-xp 00000000 08:01 431643     /lib/libpcre.so.3.12.1
7f2b5000-7f2b6000 rwxp 00031000 08:01 431643     /lib/libpcre.so.3.12.1
7f2cf000-7f3f3000 r-xp 00000000 08:03 1933476    /home/mquinson/Code/simgrid/lib/libsimgrid.so.3.5
7f3f3000-7f3f7000 rwxp 00124000 08:03 1933476    /home/mquinson/Code/simgrid/lib/libsimgrid.so.3.5
7f3f7000-7f3fa000 rwxp 00000000 00:00 0 
7f3fa000-7f3fb000 ---p 00000000 00:00 0 
7f3fb000-7f47b000 rwxp 00000000 00:00 0 
7f47b000-7f47e000 ---p 00000000 00:00 0 
7f47e000-7f4cc000 rwxp 00000000 00:00 0 
7f4cc000-7f4cf000 ---p 00000000 00:00 0 
7f4cf000-7f54d000 rwxp 00000000 00:00 0 
7f54d000-7f550000 ---p 00000000 00:00 0 
7f550000-7f5ce000 rwxp 00000000 00:00 0 
7f5ce000-7f5d1000 ---p 00000000 00:00 0 
7f5d1000-7f61f000 rwxp 00000000 00:00 0 
7f61f000-7f794000 r-xp 00000000 08:01 366595     /usr/lib/locale/locale-archive
7f794000-7f797000 ---p 00000000 00:00 0 
7f797000-7f7e5000 rwxp 00000000 00:00 0 
7f7e5000-7f7e8000 ---p 00000000 00:00 0 
7f7e8000-7f836000 rwxp 00000000 00:00 0 
7f836000-7f837000 ---p 00000000 00:00 0 
7f837000-7f8ea000 rwxp 00000000 00:00 0 
7f8ea000-7fa82000 r-xs 03013000 08:01 255096     /usr/lib/jvm/java-6-sun-1.6.0.22/jre/lib/rt.jar
7fa82000-7fa83000 ---p 00000000 00:00 0 
7fa83000-7fb03000 rwxp 00000000 00:00 0 
7fb03000-7fb04000 ---p 00000000 00:00 0 
7fb04000-7fb8c000 rwxp 00000000 00:00 0 
7fb8c000-7fba4000 rwxp 00000000 00:00 0 
7fba4000-7fbb4000 rwxp 00000000 00:00 0 
7fbb4000-7fca2000 rwxp 00000000 00:00 0 
7fca2000-7fcaa000 rwxp 00000000 00:00 0 
7fcaa000-7fcc2000 rwxp 00000000 00:00 0 
7fcc2000-7fcd2000 rwxp 00000000 00:00 0 
7fcd2000-7fdc0000 rwxp 00000000 00:00 0 
7fdc0000-7fdc8000 rwxp 00000000 00:00 0 
7fdc8000-7fe3f000 rwxp 00000000 00:00 0 
7fe3f000-80e40000 rwxp 00000000 00:00 0 
80e40000-83e40000 rwxp 00000000 00:00 0 
83e40000-85e00000 rwxp 00000000 00:00 0 
85e00000-a3a40000 rwxp 00000000 00:00 0 
a3a40000-a4a10000 rwxp 00000000 00:00 0 
a4a10000-b3840000 rwxp 00000000 00:00 0 
b384b000-b3854000 rwxp 00000000 00:00 0 
b3854000-b390b000 rwxp 00000000 00:00 0 
b390b000-b3b4b000 rwxp 00000000 00:00 0 
b3b4b000-b690b000 rwxp 00000000 00:00 0 
b690b000-b6915000 r-xp 00000000 08:01 444869     /lib/i686/cmov/libnss_files-2.11.2.so
b6915000-b6916000 r-xp 00009000 08:01 444869     /lib/i686/cmov/libnss_files-2.11.2.so
b6916000-b6917000 rwxp 0000a000 08:01 444869     /lib/i686/cmov/libnss_files-2.11.2.so
b6917000-b691f000 r-xp 00000000 08:01 444566     /lib/i686/cmov/libnss_nis-2.11.2.so
b691f000-b6920000 r-xp 00008000 08:01 444566     /lib/i686/cmov/libnss_nis-2.11.2.so
b6920000-b6921000 rwxp 00009000 08:01 444566     /lib/i686/cmov/libnss_nis-2.11.2.so
b6921000-b6927000 r-xp 00000000 08:01 444559     /lib/i686/cmov/libnss_compat-2.11.2.so
b6927000-b6928000 r-xp 00006000 08:01 444559     /lib/i686/cmov/libnss_compat-2.11.2.so
b6928000-b6929000 rwxp 00007000 08:01 444559     /lib/i686/cmov/libnss_compat-2.11.2.so
b6929000-b693c000 r-xp 00000000 08:01 444885     /lib/i686/cmov/libnsl-2.11.2.so
b693c000-b693d000 r-xp 00012000 08:01 444885     /lib/i686/cmov/libnsl-2.11.2.so
b693d000-b693e000 rwxp 00013000 08:01 444885     /lib/i686/cmov/libnsl-2.11.2.so
b693e000-b6940000 rwxp 00000000 00:00 0 
b6940000-b694f000 r-xp 00000000 08:01 104324     /usr/lib/jvm/java-6-sun-1.6.0.22/jre/lib/i386/libzip.so
b694f000-b6951000 rwxp 0000e000 08:01 104324     /usr/lib/jvm/java-6-sun-1.6.0.22/jre/lib/i386/libzip.so
b6951000-b6959000 rwxs 00000000 08:01 270818     /tmp/hsperfdata_mquinson/27276
b6959000-b697c000 r-xp 00000000 08:01 104450     /usr/lib/jvm/java-6-sun-1.6.0.22/jre/lib/i386/libjava.so
b697c000-b697e000 rwxp 00023000 08:01 104450     /usr/lib/jvm/java-6-sun-1.6.0.22/jre/lib/i386/libjava.so
b697e000-b6985000 r-xp 00000000 08:01 444624     /lib/i686/cmov/librt-2.11.2.so
b6985000-b6986000 r-xp 00006000 08:01 444624     /lib/i686/cmov/librt-2.11.2.so
b6986000-b6987000 rwxp 00007000 08:01 444624     /lib/i686/cmov/librt-2.11.2.so
b6987000-b698a000 ---p 00000000 00:00 0 
b698a000-b69d8000 rwxp 00000000 00:00 0 
b69d8000-b69fc000 r-xp 00000000 08:01 444560     /lib/i686/cmov/libm-2.11.2.so
b69fc000-b69fd000 r-xp 00023000 08:01 444560     /lib/i686/cmov/libm-2.11.2.so
b69fd000-b69fe000 rwxp 00024000 08:01 444560     /lib/i686/cmov/libm-2.11.2.so
b69fe000-b712a000 r-xp 00000000 08:01 111331     /usr/lib/jvm/java-6-sun-1.6.0.22/jre/lib/i386/server/libjvm.so
b712a000-b717d000 rwxp 0072c000 08:01 111331     /usr/lib/jvm/java-6-sun-1.6.0.22/jre/lib/i386/server/libjvm.so
b717d000-b759d000 rwxp 00000000 00:00 0 
b759d000-b76dd000 r-xp 00000000 08:01 444886     /lib/i686/cmov/libc-2.11.2.so
b76dd000-b76df000 r-xp 0013f000 08:01 444886     /lib/i686/cmov/libc-2.11.2.so
b76df000-b76e0000 rwxp 00141000 08:01 444886     /lib/i686/cmov/libc-2.11.2.so
b76e0000-b76e3000 rwxp 00000000 00:00 0 
b76e3000-b76e5000 r-xp 00000000 08:01 444649     /lib/i686/cmov/libdl-2.11.2.so
b76e5000-b76e6000 r-xp 00001000 08:01 444649     /lib/i686/cmov/libdl-2.11.2.so
b76e6000-b76e7000 rwxp 00002000 08:01 444649     /lib/i686/cmov/libdl-2.11.2.so
b76e7000-b76ee000 r-xp 00000000 08:01 146798     /usr/lib/jvm/java-6-sun-1.6.0.22/jre/lib/i386/jli/libjli.so
b76ee000-b76f0000 rwxp 00006000 08:01 146798     /usr/lib/jvm/java-6-sun-1.6.0.22/jre/lib/i386/jli/libjli.so
b76f0000-b76f1000 rwxp 00000000 00:00 0 
b76f1000-b7706000 r-xp 00000000 08:01 444583     /lib/i686/cmov/libpthread-2.11.2.so
b7706000-b7707000 r-xp 00014000 08:01 444583     /lib/i686/cmov/libpthread-2.11.2.so
b7707000-b7708000 rwxp 00015000 08:01 444583     /lib/i686/cmov/libpthread-2.11.2.so
b7708000-b770a000 rwxp 00000000 00:00 0 
b770c000-b770e000 r-xs 00002000 08:03 9135067    /home/mquinson/Code/simgrid/simgrid.jar
b770e000-b7714000 r-xp 00000000 08:01 187405     /usr/lib/jvm/java-6-sun-1.6.0.22/jre/lib/i386/native_threads/libhpi.so
b7714000-b7715000 rwxp 00006000 08:01 187405     /usr/lib/jvm/java-6-sun-1.6.0.22/jre/lib/i386/native_threads/libhpi.so
b7715000-b7716000 rwxp 00000000 00:00 0 
b7716000-b7717000 r-xp 00000000 00:00 0 
b7717000-b7722000 r-xp 00000000 08:01 104465     /usr/lib/jvm/java-6-sun-1.6.0.22/jre/lib/i386/libverify.so
b7722000-b7723000 rwxp 0000b000 08:01 104465     /usr/lib/jvm/java-6-sun-1.6.0.22/jre/lib/i386/libverify.so
b7723000-b7725000 rwxp 00000000 00:00 0 
b7725000-b7740000 r-xp 00000000 08:01 432710     /lib/ld-2.11.2.so
b7740000-b7741000 r-xp 0001a000 08:01 432710     /lib/ld-2.11.2.so
b7741000-b7742000 rwxp 0001b000 08:01 432710     /lib/ld-2.11.2.so
bfee1000-bfef6000 rwxp 00000000 00:00 0          [stack]

VM Arguments:
java_command: PingPongTest ping_pong_platform.xml ping_pong_deployment.xml
Launcher Type: SUN_STANDARD

Environment Variables:
PATH=/usr/local/bin:/usr/bin:/bin:/usr/games:/home/mquinson/SCRIPTS:/usr/sbin:/sbin:/opt/simgrid/bin
USERNAME=mquinson
LD_LIBRARY_PATH=/usr/lib/jvm/java-6-sun-1.6.0.22/jre/lib/i386/server:/usr/lib/jvm/java-6-sun-1.6.0.22/jre/lib/i386:/usr/lib/jvm/java-6-sun-1.6.0.22/jre/../lib/i386:/opt/simgrid/lib:/opt/allegro5/lib:/home/mquinson/Code/simgrid/lib
SHELL=/bin/bash
DISPLAY=:0.0

Signal Handlers:
SIGSEGV: [libjvm.so+0x6a9f20], sa_mask[0]=0x7ffbfeff, sa_flags=0x10000004
SIGBUS: [libjvm.so+0x6a9f20], sa_mask[0]=0x7ffbfeff, sa_flags=0x10000004
SIGFPE: [libjvm.so+0x5781e0], sa_mask[0]=0x7ffbfeff, sa_flags=0x10000004
SIGPIPE: [libjvm.so+0x5781e0], sa_mask[0]=0x7ffbfeff, sa_flags=0x10000004
SIGXFSZ: [libjvm.so+0x5781e0], sa_mask[0]=0x7ffbfeff, sa_flags=0x10000004
SIGILL: [libjvm.so+0x5781e0], sa_mask[0]=0x7ffbfeff, sa_flags=0x10000004
SIGUSR1: SIG_DFL, sa_mask[0]=0x00000000, sa_flags=0x00000000
SIGUSR2: [libjvm.so+0x57ae20], sa_mask[0]=0x00000000, sa_flags=0x10000004
SIGHUP: [libjvm.so+0x57ab50], sa_mask[0]=0x7ffbfeff, sa_flags=0x10000004
SIGINT: [libsimgrid.so.3.5+0x4bb60], sa_mask[0]=0x00000002, sa_flags=0x10000000
SIGTERM: [libjvm.so+0x57ab50], sa_mask[0]=0x7ffbfeff, sa_flags=0x10000004
SIGQUIT: [libjvm.so+0x57ab50], sa_mask[0]=0x7ffbfeff, sa_flags=0x10000004


---------------  S Y S T E M  ---------------

OS:squeeze/sid

uname:Linux 2.6.32-5-686 #1 SMP Sat Oct 30 22:47:19 UTC 2010 i686
libc:glibc 2.11.2 NPTL 2.11.2 
rlimit: STACK 8192k, CORE 0k, NPROC infinity, NOFILE 1024, AS infinity
load average:2.28 0.72 0.53

CPU:total 2 (2 cores per cpu, 1 threads per core) family 6 model 15 stepping 11, cmov, cx8, fxsr, mmx, sse, sse2, sse3, ssse3

Memory: 4k page, physical 3113680k(312340k free), swap 2931852k(2931728k free)

vm_info: Java HotSpot(TM) Server VM (17.1-b03) for linux-x86 JRE (1.6.0_22-b04), built on Sep 15 2010 01:02:09 by "java_re" with gcc 3.2.1-7a (J2SE release)

time: Tue Nov  9 22:12:01 2010
elapsed time: 4 seconds

