 %EventDef PajeDefineContainerType 0 
%       Alias string 
%       ContainerType string 
%       Name string 
%EndEventDef 
%EventDef PajeDefineStateType 1 
%       Alias string 
%       ContainerType string 
%       Name string 
%EndEventDef 
%EventDef PajeDefineEntityValue 2 
%       Alias string 
%       EntityType string 
%       Name string 
%EndEventDef 
%EventDef PajeDefineEventType 3 
%       Alias string 
%       EntityType string 
%       Name string 
%EndEventDef 
%EventDef PajeDefineLinkType 4 
%       Alias string 
%       ContainerType string 
%       SourceContainerType string 
%       DestContainerType string 
%       Name string 
%EndEventDef 
%EventDef PajeCreateContainer 5 
%       Time date 
%       Alias string 
%       Type string 
%       Container string 
%       Name string 
%EndEventDef 
%EventDef PajeDestroyContainer 9 
%       Time date 
%       Type string 
%       Container string 
%EndEventDef 
%EventDef PajeSetState 6 
%       Time date 
%       EntityType string 
%       Container string 
%       Value string 
%EndEventDef
%EventDef PajeSetState 10 
%       Time date 
%       EntityType string 
%       Container string 
%       Value string 
%		 Host string
%EndEventDef
%EventDef PajePushState 7 
%       Time date 
%       EntityType string 
%       Container string 
%       Value string 
%       Host string 
%EndEventDef
%EventDef PajePopState 8 
%       Time date 
%       EntityType string 
%       Container string 
%EndEventDef
%EventDef PajeSetState 11 
%       Time date 
%       EntityType string 
%       Container string 
%       Value string 
%		 Host string
%		 Comm string
%		 Comp string
%EndEventDef
%EventDef PajeStartLink 12 
%       Time date 
%       EntityType string 
%       Container string 
%       Value string 
%       SourceContainer string 
%       Key string 
%EndEventDef
%EventDef PajeEndLink 13 
%       Time date 
%       EntityType string 
%       Container string 
%       Value string 
%       DestContainer string 
%       Key string 
%EndEventDef
%EventDef PajeCreateContainer 14 
%       Time date 
%       Alias string 
%       Type string 
%       Container string 
%       Name string 
%       Power string 
%EndEventDef 
%EventDef PajeStartLink 15 
%       Time date 
%       EntityType string 
%       Container string 
%       Value string 
%       SourceContainer string 
%       Key string 
%       Bandwidth string 
%       Latency string 
%EndEventDef
%EventDef PajePushState 16 
%       Time date 
%       EntityType string 
%       Container string 
%       Value string 
%       PowerUsed string 
%EndEventDef
%EventDef PajePushState 17 
%       Time date 
%       EntityType string 
%       Container string 
%       Value string 
%       BandwidthUsed string 
%EndEventDef
%EventDef PajeSetState 18 
%       Time date 
%       EntityType string 
%       Container string 
%       Value string 
%       PowerUsed string 
%EndEventDef
%EventDef PajePushState 19 
%       Time date 
%       EntityType string 
%       Container string 
%       Value string 
%EndEventDef
%EventDef PajeCreateContainer 20 
%       Time date 
%       Alias string 
%       Type string 
%       Container string 
%       Name string 
%       Bandwidth string 
%       Latency string 
%EndEventDef 
%EventDef PajeCreateContainer 21 
%       Time date 
%       Alias string 
%       Type string 
%       Container string 
%       Name string 
%       Bandwidth string 
%       Latency string 
%       SrcHost string 
%       DstHost string 
%EndEventDef 
%EventDef PajeSetVariable 22 
%       Time date 
%       EntityType string 
%       Container string 
%       Value string 
%EndEventDef
%EventDef PajeAddVariable 23 
%       Time date 
%       EntityType string 
%       Container string 
%       Value string 
%EndEventDef
%EventDef PajeSubVariable 24 
%       Time date 
%       EntityType string 
%       Container string 
%       Value string 
%EndEventDef
%EventDef PajeDefineVariableType 25 
%       Alias string 
%       ContainerType string 
%       Name string 
%EndEventDef 
%EventDef PajeStartLink 26 
%       Time date 
%       EntityType string 
%       Container string 
%       Value string 
%       SourceContainer string 
%       Key string 
%       Volume string 
%EndEventDef
0 PLATFORM 0 platform
0 HOST PLATFORM HOST
0 LINK PLATFORM LINK
25 power HOST power
25 bandwidth LINK bandwidth
25 latency LINK latency
5 0.000000000000000 platform PLATFORM 0 simgrid-platform
25 is_slave HOST is_slave
25 is_master HOST is_master
25 task_creation HOST task_creation
25 task_computation HOST task_computation
0 user_type 0 user_type
5 0.000000000000000 compute user_type 0 compute
25 bcompute LINK bcompute
25 pcompute HOST pcompute
5 0.000000000000000 finalize user_type 0 finalize
25 bfinalize LINK bfinalize
25 pfinalize HOST pfinalize
5 0.000000000000000 Tremblay HOST platform Tremblay
22 0.000000000000000 power Tremblay 98095000.000000
5 0.000000000000000 Jupiter HOST platform Jupiter
22 0.000000000000000 power Jupiter 76296000.000000
5 0.000000000000000 Fafard HOST platform Fafard
22 0.000000000000000 power Fafard 76296000.000000
5 0.000000000000000 Ginette HOST platform Ginette
22 0.000000000000000 power Ginette 48492000.000000
5 0.000000000000000 Bourassa HOST platform Bourassa
22 0.000000000000000 power Bourassa 48492000.000000
5 0.000000000000000 R.4-3 HOST platform R.4-3
22 0.000000000000000 power R.4-3 0.000000
5 0.000000000000000 R.3-2-5 HOST platform R.3-2-5
22 0.000000000000000 power R.3-2-5 0.000000
5 0.000000000000000 R.2-0 HOST platform R.2-0
22 0.000000000000000 power R.2-0 0.000000
5 0.000000000000000 R.1-0 HOST platform R.1-0
22 0.000000000000000 power R.1-0 0.000000
5 0.000000000000000 R.1-8-6 HOST platform R.1-8-6
22 0.000000000000000 power R.1-8-6 0.000000
5 0.000000000000000 R.6-7 HOST platform R.6-7
22 0.000000000000000 power R.6-7 0.000000
21 0.000000000000000 9 LINK platform 9 7209750.000000 0.001462 Jupiter Tremblay
22 0.000000000000000 bandwidth 9 7209750.000000
22 0.000000000000000 latency 9 0.001462
21 0.000000000000000 0 LINK platform 0 41279125.000000 0.000060 R.2-0 R.1-0
22 0.000000000000000 bandwidth 0 41279125.000000
22 0.000000000000000 latency 0 0.000060
21 0.000000000000000 4 LINK platform 4 10099625.000000 0.000480 Tremblay R.4-3
22 0.000000000000000 bandwidth 4 10099625.000000
22 0.000000000000000 latency 4 0.000480
21 0.000000000000000 1 LINK platform 1 34285625.000000 0.000514 R.1-0 R.1-8-6
22 0.000000000000000 bandwidth 1 34285625.000000
22 0.000000000000000 latency 1 0.000514
21 0.000000000000000 5 LINK platform 5 27946250.000000 0.000278 R.3-2-5 Ginette
22 0.000000000000000 bandwidth 5 27946250.000000
22 0.000000000000000 latency 5 0.000278
21 0.000000000000000 7 LINK platform 7 11618875.000000 0.000190 R.6-7 Bourassa
22 0.000000000000000 bandwidth 7 11618875.000000
22 0.000000000000000 latency 7 0.000190
21 0.000000000000000 3 LINK platform 3 34285622.000000 0.000514 R.4-3 R.3-2-5
22 0.000000000000000 bandwidth 3 34285622.000000
22 0.000000000000000 latency 3 0.000514
21 0.000000000000000 6 LINK platform 6 41279125.000000 0.000060 R.1-8-6 R.6-7
22 0.000000000000000 bandwidth 6 41279125.000000
22 0.000000000000000 latency 6 0.000060
21 0.000000000000000 8 LINK platform 8 8158000.000000 0.000271 Fafard R.1-8-6
22 0.000000000000000 bandwidth 8 8158000.000000
22 0.000000000000000 latency 8 0.000271
21 0.000000000000000 2 LINK platform 2 22222222.000000 0.000137 R.3-2-5 R.2-0
22 0.000000000000000 bandwidth 2 22222222.000000
22 0.000000000000000 latency 2 0.000137
22 0.000000000000000 is_master Tremblay 1
22 0.000000000000000 task_creation Tremblay 0
22 0.000000000000000 is_slave Tremblay 1
22 0.000000000000000 is_slave Jupiter 1
22 0.000000000000000 is_slave Fafard 1
22 0.000000000000000 is_slave Ginette 1
22 0.000000000000000 is_slave Bourassa 1
22 0.002338643617950 task_creation Tremblay 1
23 0.002338643617950 task_computation Tremblay 5e+07
22 0.017538420417950 bcompute 9 0
23 0.017538420417950 bcompute 9 6632970.000000
23 0.168300447081722 task_computation Jupiter 5e+07
22 0.168300447081722 task_creation Tremblay 2
22 0.002338643617950 pcompute Tremblay 0
23 0.002338643617950 pcompute Tremblay 98095000.000000
22 0.188851107081722 bcompute 4 0
23 0.188851107081722 bcompute 4 5060664.718311
22 0.188851107081722 bcompute 3 0
23 0.188851107081722 bcompute 3 5060664.718311
22 0.188851107081722 bcompute 2 0
23 0.188851107081722 bcompute 2 5060664.718311
22 0.188851107081722 bcompute 0 0
23 0.188851107081722 bcompute 0 5060664.718311
22 0.188851107081722 bcompute 1 0
23 0.188851107081722 bcompute 1 5060664.718311
22 0.188851107081722 bcompute 8 0
23 0.188851107081722 bcompute 8 5060664.718311
23 0.386453607081722 task_computation Fafard 5e+07
22 0.386453607081722 task_creation Tremblay 3
24 0.168300447081722 pcompute Tremblay 98095000.000000
23 0.168300447081722 pcompute Tremblay 98095000.000000
24 0.386453607081722 pcompute Tremblay 98095000.000000
23 0.386453607081722 pcompute Tremblay 98095000.000000
24 0.386453607081722 bcompute 4 5060664.718311
23 0.399685308681722 bcompute 4 7859911.230163
24 0.386453607081722 bcompute 3 5060664.718311
23 0.399685308681722 bcompute 3 7859911.230163
22 0.399685308681722 bcompute 5 0
23 0.399685308681722 bcompute 5 7859911.230163
24 0.512048618642161 bcompute 4 7859911.230163
23 0.512048618642161 bcompute 4 7859911.230163
24 0.512048618642161 bcompute 3 7859911.230163
23 0.512048618642161 bcompute 3 7859911.230163
24 0.512048618642161 bcompute 5 7859911.230163
23 0.512048618642161 bcompute 5 7859911.230163
23 0.526913208681722 task_computation Ginette 5e+07
22 0.526913208681722 task_creation Tremblay 4
24 0.526913208681722 bcompute 4 7859911.230163
23 0.547249004681722 bcompute 4 5114134.701194
24 0.526913208681722 bcompute 3 7859911.230163
23 0.547249004681722 bcompute 3 5114134.701194
24 0.386453607081722 bcompute 2 5060664.718311
23 0.547249004681722 bcompute 2 5114134.701194
24 0.386453607081722 bcompute 0 5060664.718311
23 0.547249004681722 bcompute 0 5114134.701194
24 0.386453607081722 bcompute 1 5060664.718311
23 0.547249004681722 bcompute 1 5114134.701194
22 0.547249004681722 bcompute 6 0
23 0.547249004681722 bcompute 6 5114134.701194
22 0.547249004681722 bcompute 7 0
23 0.547249004681722 bcompute 7 5114134.701194
23 0.742785504681722 task_computation Bourassa 5e+07
22 0.742785504681722 task_creation Tremblay 5
23 0.745124148299672 task_computation Tremblay 5e+07
22 0.745124148299672 task_creation Tremblay 6
22 0.168300447081722 pcompute Jupiter 0
23 0.168300447081722 pcompute Jupiter 76296000.000000
24 0.168300447081722 bcompute 9 6632970.000000
23 0.838842574725803 bcompute 9 6632970.000000
22 0.989604601389575 task_creation Tremblay 7
23 0.989604601389575 task_computation Jupiter 5e+07
24 0.512048618642161 pcompute Tremblay 98095000.000000
23 0.745124148299672 pcompute Tremblay 98095000.000000
22 0.386453607081722 pcompute Fafard 0
23 0.386453607081722 pcompute Fafard 76296000.000000
24 0.989604601389575 pcompute Tremblay 98095000.000000
23 0.989604601389575 pcompute Tremblay 98095000.000000
24 0.742785504681722 bcompute 4 5114134.701194
23 1.062346617925803 bcompute 4 5060664.718311
24 0.742785504681722 bcompute 3 5114134.701194
23 1.062346617925803 bcompute 3 5060664.718311
24 0.742785504681722 bcompute 2 5114134.701194
23 1.062346617925803 bcompute 2 5060664.718311
24 0.742785504681722 bcompute 0 5114134.701194
23 1.062346617925803 bcompute 0 5060664.718311
24 0.742785504681722 bcompute 1 5114134.701194
23 1.062346617925803 bcompute 1 5060664.718311
24 0.386453607081722 bcompute 8 5060664.718311
23 1.062346617925803 bcompute 8 5060664.718311
24 1.254834123323883 bcompute 4 5060664.718311
23 1.254834123323883 bcompute 4 5060664.718311
24 1.254834123323883 bcompute 3 5060664.718311
23 1.254834123323883 bcompute 3 5060664.718311
24 1.254834123323883 bcompute 2 5060664.718311
23 1.254834123323883 bcompute 2 5060664.718311
24 1.254834123323883 bcompute 0 5060664.718311
23 1.254834123323883 bcompute 0 5060664.718311
24 1.254834123323883 bcompute 1 5060664.718311
23 1.254834123323883 bcompute 1 5060664.718311
24 1.254834123323883 bcompute 8 5060664.718311
23 1.254834123323883 bcompute 8 5060664.718311
22 1.259949117925803 task_creation Tremblay 8
23 1.259949117925803 task_computation Fafard 5e+07
23 1.262287761543753 task_computation Tremblay 5e+07
22 1.262287761543753 task_creation Tremblay 9
22 0.526913208681722 pcompute Ginette 0
23 0.526913208681722 pcompute Ginette 48492000.000000
24 0.823642797925803 pcompute Jupiter 76296000.000000
23 0.989604601389575 pcompute Jupiter 76296000.000000
24 1.259949117925803 bcompute 4 5060664.718311
23 1.571242823339546 bcompute 4 7859911.230163
24 1.259949117925803 bcompute 3 5060664.718311
23 1.571242823339546 bcompute 3 7859911.230163
24 0.526913208681722 bcompute 5 7859911.230163
23 1.571242823339546 bcompute 5 7859911.230163
24 1.644946952233656 bcompute 4 7859911.230163
23 1.644946952233656 bcompute 4 7859911.230163
24 1.644946952233656 bcompute 3 7859911.230163
23 1.644946952233656 bcompute 3 7859911.230163
24 1.644946952233656 bcompute 5 7859911.230163
23 1.644946952233656 bcompute 5 7859911.230163
22 1.698470723339546 task_creation Tremblay 10
23 1.698470723339546 task_computation Ginette 5e+07
24 1.254834123323883 pcompute Tremblay 98095000.000000
23 1.262287761543753 pcompute Tremblay 98095000.000000
24 1.698470723339546 pcompute Tremblay 98095000.000000
23 1.698470723339546 pcompute Tremblay 98095000.000000
24 0.989604601389575 bcompute 9 6632970.000000
23 1.713670500139546 bcompute 9 6632970.000000
22 0.742785504681722 pcompute Bourassa 0
23 0.742785504681722 pcompute Bourassa 48492000.000000
24 1.771997736567964 bcompute 9 6632970.000000
23 1.771997736567964 bcompute 9 6632970.000000
24 1.773883417739546 bcompute 9 6632970.000000
23 1.773883417739546 bcompute 9 6632970.000000
23 1.864432526803318 task_computation Jupiter 5e+07
22 1.864432526803318 task_creation Tremblay 11
23 1.866771170421268 task_computation Tremblay 5e+07
22 1.866771170421268 task_creation Tremblay 12
24 1.041795957925803 pcompute Fafard 76296000.000000
23 1.259949117925803 pcompute Fafard 76296000.000000
24 1.698470723339546 bcompute 4 7859911.230163
23 1.887106966421268 bcompute 4 5114134.701194
24 1.698470723339546 bcompute 3 7859911.230163
23 1.887106966421268 bcompute 3 5114134.701194
24 1.259949117925803 bcompute 2 5060664.718311
23 1.887106966421268 bcompute 2 5114134.701194
24 1.259949117925803 bcompute 0 5060664.718311
23 1.887106966421268 bcompute 0 5114134.701194
24 1.259949117925803 bcompute 1 5060664.718311
23 1.887106966421268 bcompute 1 5114134.701194
24 0.742785504681722 bcompute 6 5114134.701194
23 1.887106966421268 bcompute 6 5114134.701194
24 0.742785504681722 bcompute 7 5114134.701194
23 1.887106966421268 bcompute 7 5114134.701194
24 1.915291468769884 bcompute 4 5114134.701194
23 1.915291468769884 bcompute 4 5114134.701194
24 1.915291468769884 bcompute 3 5114134.701194
23 1.915291468769884 bcompute 3 5114134.701194
24 1.915291468769884 bcompute 2 5114134.701194
23 1.915291468769884 bcompute 2 5114134.701194
24 1.915291468769884 bcompute 0 5114134.701194
23 1.915291468769884 bcompute 0 5114134.701194
24 1.915291468769884 bcompute 1 5114134.701194
23 1.915291468769884 bcompute 1 5114134.701194
24 1.915291468769884 bcompute 6 5114134.701194
23 1.915291468769884 bcompute 6 5114134.701194
24 1.915291468769884 bcompute 7 5114134.701194
23 1.915291468769884 bcompute 7 5114134.701194
23 2.082643466421268 task_computation Bourassa 5e+07
22 2.082643466421268 task_creation Tremblay 13
24 1.771997736567964 pcompute Tremblay 98095000.000000
23 1.866771170421268 pcompute Tremblay 98095000.000000
24 2.082643466421268 bcompute 4 5114134.701194
23 2.103194126421268 bcompute 4 5060664.718311
24 2.082643466421268 bcompute 3 5114134.701194
23 2.103194126421268 bcompute 3 5060664.718311
24 2.082643466421268 bcompute 2 5114134.701194
23 2.103194126421268 bcompute 2 5060664.718311
24 2.082643466421268 bcompute 0 5114134.701194
23 2.103194126421268 bcompute 0 5060664.718311
24 2.082643466421268 bcompute 1 5114134.701194
23 2.103194126421268 bcompute 1 5060664.718311
24 1.259949117925803 bcompute 8 5060664.718311
23 2.103194126421268 bcompute 8 5060664.718311
23 2.300796626421268 task_computation Fafard 5e+07
22 2.300796626421268 task_creation Tremblay 14
24 2.082643466421268 pcompute Tremblay 98095000.000000
23 2.082643466421268 pcompute Tremblay 98095000.000000
24 2.300796626421268 pcompute Tremblay 98095000.000000
23 2.300796626421268 pcompute Tremblay 98095000.000000
22 2.378819789063430 task_creation Tremblay 15
23 2.378819789063430 task_computation Tremblay 5e+07
24 1.644946952233656 pcompute Jupiter 76296000.000000
23 1.864432526803318 pcompute Jupiter 76296000.000000
24 1.864432526803318 bcompute 9 6632970.000000
23 2.534974654447399 bcompute 9 6632970.000000
22 2.685736681111171 task_creation Tremblay 16
23 2.685736681111171 task_computation Jupiter 5e+07
24 2.376481145445480 pcompute Tremblay 98095000.000000
23 2.378819789063430 pcompute Tremblay 98095000.000000
24 1.558011121739546 pcompute Ginette 48492000.000000
23 1.698470723339546 pcompute Ginette 48492000.000000
24 2.300796626421268 bcompute 4 5060664.718311
23 2.742800337997370 bcompute 4 7859911.230163
24 2.300796626421268 bcompute 3 5060664.718311
23 2.742800337997370 bcompute 3 7859911.230163
24 1.698470723339546 bcompute 5 7859911.230163
23 2.742800337997370 bcompute 5 7859911.230163
22 2.870028237997370 task_creation Tremblay 17
23 2.870028237997370 task_computation Ginette 5e+07
22 2.890868407705591 task_creation Tremblay 18
23 2.890868407705591 task_computation Tremblay 5e+07
24 1.915291468769884 pcompute Fafard 76296000.000000
23 2.300796626421268 pcompute Fafard 76296000.000000
24 1.773883417739546 pcompute Bourassa 48492000.000000
23 2.082643466421268 pcompute Bourassa 48492000.000000
24 2.870028237997370 bcompute 4 7859911.230163
23 2.976689637265349 bcompute 4 5060664.718311
24 2.870028237997370 bcompute 3 7859911.230163
23 2.976689637265349 bcompute 3 5060664.718311
24 2.300796626421268 bcompute 2 5060664.718311
23 2.976689637265349 bcompute 2 5060664.718311
24 2.300796626421268 bcompute 0 5060664.718311
23 2.976689637265349 bcompute 0 5060664.718311
24 2.300796626421268 bcompute 1 5060664.718311
23 2.976689637265349 bcompute 1 5060664.718311
24 2.300796626421268 bcompute 8 5060664.718311
23 2.976689637265349 bcompute 8 5060664.718311
24 3.113741379479092 bcompute 4 5060664.718311
23 3.113741379479092 bcompute 4 5060664.718311
24 3.113741379479092 bcompute 3 5060664.718311
23 3.113741379479092 bcompute 3 5060664.718311
24 3.113741379479092 bcompute 2 5060664.718311
23 3.113741379479092 bcompute 2 5060664.718311
24 3.113741379479092 bcompute 0 5060664.718311
23 3.113741379479092 bcompute 0 5060664.718311
24 3.113741379479092 bcompute 1 5060664.718311
23 3.113741379479092 bcompute 1 5060664.718311
24 3.113741379479092 bcompute 8 5060664.718311
23 3.113741379479092 bcompute 8 5060664.718311
22 3.174292137265349 task_creation Tremblay 19
23 3.174292137265349 task_computation Fafard 5e+07
24 2.888529764087641 pcompute Tremblay 98095000.000000
23 2.890868407705591 pcompute Tremblay 98095000.000000
24 2.519774877647399 pcompute Jupiter 76296000.000000
23 2.685736681111171 pcompute Jupiter 76296000.000000
24 3.174292137265349 bcompute 4 5060664.718311
23 3.194627933265349 bcompute 4 5114134.701194
24 3.174292137265349 bcompute 3 5060664.718311
23 3.194627933265349 bcompute 3 5114134.701194
24 3.174292137265349 bcompute 2 5060664.718311
23 3.194627933265349 bcompute 2 5114134.701194
24 3.174292137265349 bcompute 0 5060664.718311
23 3.194627933265349 bcompute 0 5114134.701194
24 3.174292137265349 bcompute 1 5060664.718311
23 3.194627933265349 bcompute 1 5114134.701194
24 2.082643466421268 bcompute 6 5114134.701194
23 3.194627933265349 bcompute 6 5114134.701194
24 2.082643466421268 bcompute 7 5114134.701194
23 3.194627933265349 bcompute 7 5114134.701194
24 3.341079031955252 bcompute 4 5114134.701194
23 3.341079031955252 bcompute 4 5114134.701194
24 3.341079031955252 bcompute 3 5114134.701194
23 3.341079031955252 bcompute 3 5114134.701194
24 3.341079031955252 bcompute 2 5114134.701194
23 3.341079031955252 bcompute 2 5114134.701194
24 3.341079031955252 bcompute 0 5114134.701194
23 3.341079031955252 bcompute 0 5114134.701194
24 3.341079031955252 bcompute 1 5114134.701194
23 3.341079031955252 bcompute 1 5114134.701194
24 3.341079031955252 bcompute 6 5114134.701194
23 3.341079031955252 bcompute 6 5114134.701194
24 3.341079031955252 bcompute 7 5114134.701194
23 3.341079031955252 bcompute 7 5114134.701194
23 3.390164433265349 task_computation Bourassa 5e+07
24 3.390164433265349 pcompute Tremblay 98095000.000000
23 3.390164433265349 pcompute Tremblay 98095000.000000
24 2.956138977265349 pcompute Fafard 76296000.000000
23 3.174292137265349 pcompute Fafard 76296000.000000
24 2.729568636397370 pcompute Ginette 48492000.000000
23 2.870028237997370 pcompute Ginette 48492000.000000
24 3.113741379479092 pcompute Bourassa 48492000.000000
23 3.390164433265349 pcompute Bourassa 48492000.000000
24 3.390164433265349 bcompute 0 5114134.701194
24 3.390164433265349 bcompute 4 5114134.701194
24 3.174292137265349 bcompute 8 5060664.718311
24 4.421262346323173 pcompute Bourassa 48492000.000000
24 3.901126151055194 pcompute Ginette 48492000.000000
24 3.390164433265349 bcompute 1 5114134.701194
24 2.870028237997370 bcompute 5 7859911.230163
24 2.685736681111171 bcompute 9 6632970.000000
24 3.829634488109430 pcompute Fafard 76296000.000000
24 3.390164433265349 bcompute 2 5114134.701194
24 3.390164433265349 bcompute 6 5114134.701194
24 3.390164433265349 bcompute 3 5114134.701194
24 3.390164433265349 bcompute 7 5114134.701194
24 3.400578382729802 pcompute Tremblay 98095000.000000
24 3.341079031955252 pcompute Jupiter 76296000.000000
9 4.441598142323174 HOST Fafard
9 4.441598142323174 HOST R.2-0
9 4.441598142323174 HOST R.4-3
9 4.441598142323174 HOST R.3-2-5
9 4.441598142323174 HOST R.1-8-6
9 4.441598142323174 HOST R.6-7
9 4.441598142323174 HOST Tremblay
9 4.441598142323174 HOST R.1-0
9 4.441598142323174 HOST Bourassa
9 4.441598142323174 HOST Jupiter
9 4.441598142323174 HOST Ginette
