 %EventDef PajeDefineContainerType 0 
%       Alias string 
%       ContainerType string 
%       Name string 
%EndEventDef 
%EventDef PajeDefineStateType 1 
%       Alias string 
%       ContainerType string 
%       Name string 
%EndEventDef 
%EventDef PajeDefineEntityValue 2 
%       Alias string 
%       EntityType string 
%       Name string 
%EndEventDef 
%EventDef PajeDefineEventType 3 
%       Alias string 
%       EntityType string 
%       Name string 
%EndEventDef 
%EventDef PajeDefineLinkType 4 
%       Alias string 
%       ContainerType string 
%       SourceContainerType string 
%       DestContainerType string 
%       Name string 
%EndEventDef 
%EventDef PajeCreateContainer 5 
%       Time date 
%       Alias string 
%       Type string 
%       Container string 
%       Name string 
%EndEventDef 
%EventDef PajeDestroyContainer 9 
%       Time date 
%       Type string 
%       Container string 
%EndEventDef 
%EventDef PajeSetState 6 
%       Time date 
%       EntityType string 
%       Container string 
%       Value string 
%EndEventDef
%EventDef PajeSetState 10 
%       Time date 
%       EntityType string 
%       Container string 
%       Value string 
%		 Host string
%EndEventDef
%EventDef PajePushState 7 
%       Time date 
%       EntityType string 
%       Container string 
%       Value string 
%       Host string 
%EndEventDef
%EventDef PajePopState 8 
%       Time date 
%       EntityType string 
%       Container string 
%EndEventDef
%EventDef PajeSetState 11 
%       Time date 
%       EntityType string 
%       Container string 
%       Value string 
%		 Host string
%		 Comm string
%		 Comp string
%EndEventDef
%EventDef PajeStartLink 12 
%       Time date 
%       EntityType string 
%       Container string 
%       Value string 
%       SourceContainer string 
%       Key string 
%EndEventDef
%EventDef PajeEndLink 13 
%       Time date 
%       EntityType string 
%       Container string 
%       Value string 
%       DestContainer string 
%       Key string 
%EndEventDef
%EventDef PajeCreateContainer 14 
%       Time date 
%       Alias string 
%       Type string 
%       Container string 
%       Name string 
%       Power string 
%EndEventDef 
%EventDef PajeStartLink 15 
%       Time date 
%       EntityType string 
%       Container string 
%       Value string 
%       SourceContainer string 
%       Key string 
%       Bandwidth string 
%       Latency string 
%EndEventDef
%EventDef PajePushState 16 
%       Time date 
%       EntityType string 
%       Container string 
%       Value string 
%       PowerUsed string 
%EndEventDef
%EventDef PajePushState 17 
%       Time date 
%       EntityType string 
%       Container string 
%       Value string 
%       BandwidthUsed string 
%EndEventDef
%EventDef PajeSetState 18 
%       Time date 
%       EntityType string 
%       Container string 
%       Value string 
%       PowerUsed string 
%EndEventDef
%EventDef PajePushState 19 
%       Time date 
%       EntityType string 
%       Container string 
%       Value string 
%EndEventDef
%EventDef PajeCreateContainer 20 
%       Time date 
%       Alias string 
%       Type string 
%       Container string 
%       Name string 
%       Bandwidth string 
%       Latency string 
%EndEventDef 
%EventDef PajeCreateContainer 21 
%       Time date 
%       Alias string 
%       Type string 
%       Container string 
%       Name string 
%       Bandwidth string 
%       Latency string 
%       SrcHost string 
%       DstHost string 
%EndEventDef 
%EventDef PajeSetVariable 22 
%       Time date 
%       EntityType string 
%       Container string 
%       Value string 
%EndEventDef
%EventDef PajeAddVariable 23 
%       Time date 
%       EntityType string 
%       Container string 
%       Value string 
%EndEventDef
%EventDef PajeSubVariable 24 
%       Time date 
%       EntityType string 
%       Container string 
%       Value string 
%EndEventDef
%EventDef PajeDefineVariableType 25 
%       Alias string 
%       ContainerType string 
%       Name string 
%EndEventDef 
%EventDef PajeStartLink 26 
%       Time date 
%       EntityType string 
%       Container string 
%       Value string 
%       SourceContainer string 
%       Key string 
%       Volume string 
%EndEventDef
0 PLATFORM 0 platform
0 HOST PLATFORM HOST
0 LINK PLATFORM LINK
0 PROCESS HOST PROCESS
1 category PROCESS category
1 presence PROCESS presence
5 0.000000000000000 platform PLATFORM 0 simgrid-platform
0 user_type 0 user_type
0 process user_type process
1 process-state process process-state
5 0.000000000000000 emigrant user_type 0 emigrant
5 0.000000000000000 Tremblay HOST platform Tremblay
5 0.000000000000000 Jupiter HOST platform Jupiter
5 0.000000000000000 Fafard HOST platform Fafard
5 0.000000000000000 Ginette HOST platform Ginette
5 0.000000000000000 Bourassa HOST platform Bourassa
5 0.000000000000000 R.4-3 HOST platform R.4-3
5 0.000000000000000 R.3-2-5 HOST platform R.3-2-5
5 0.000000000000000 R.2-0 HOST platform R.2-0
5 0.000000000000000 R.1-0 HOST platform R.1-0
5 0.000000000000000 R.1-8-6 HOST platform R.1-8-6
5 0.000000000000000 R.6-7 HOST platform R.6-7
21 0.000000000000000 9 LINK platform 9 7209750.000000 0.001462 Jupiter Tremblay
21 0.000000000000000 0 LINK platform 0 41279125.000000 0.000060 R.2-0 R.1-0
21 0.000000000000000 4 LINK platform 4 10099625.000000 0.000480 Tremblay R.4-3
21 0.000000000000000 1 LINK platform 1 34285625.000000 0.000514 R.1-0 R.1-8-6
21 0.000000000000000 5 LINK platform 5 27946250.000000 0.000278 R.3-2-5 Ginette
21 0.000000000000000 7 LINK platform 7 11618875.000000 0.000190 R.6-7 Bourassa
21 0.000000000000000 3 LINK platform 3 34285622.000000 0.000514 R.4-3 R.3-2-5
21 0.000000000000000 6 LINK platform 6 41279125.000000 0.000060 R.1-8-6 R.6-7
21 0.000000000000000 8 LINK platform 8 8158000.000000 0.000271 Fafard R.1-8-6
21 0.000000000000000 2 LINK platform 2 22222222.000000 0.000137 R.3-2-5 R.2-0
5 0.000000000000000 0x3a161c0-0x3a161a0 PROCESS Fafard emigrant-0x3a161c0
6 0.000000000000000 category 0x3a161c0-0x3a161a0 emigrant
19 0.000000000000000 presence 0x3a161c0-0x3a161a0 presence
5 0.000000000000000 emigrant-0x3a161c0 process emigrant emigrant-0x3a161c0
6 0.000000000000000 process-state emigrant-0x3a161c0 executing
6 0.000000000000000 process-state emigrant-0x3a161c0 sleep
6 2.000000000000000 process-state emigrant-0x3a161c0 executing
8 2.000000000000000 presence 0x3a161c0-0x3a161a0
5 2.000000000000000 0x3a161c0-0x3a16120 PROCESS Tremblay emigrant-0x3a161c0
6 2.000000000000000 category 0x3a161c0-0x3a16120 emigrant
19 2.000000000000000 presence 0x3a161c0-0x3a16120 presence
6 2.000000000000000 process-state emigrant-0x3a161c0 sleep
6 4.000000000000000 process-state emigrant-0x3a161c0 executing
8 4.000000000000000 presence 0x3a161c0-0x3a16120
5 4.000000000000000 0x3a161c0-0x3a16020 PROCESS Jupiter emigrant-0x3a161c0
6 4.000000000000000 category 0x3a161c0-0x3a16020 emigrant
19 4.000000000000000 presence 0x3a161c0-0x3a16020 presence
6 4.000000000000000 process-state emigrant-0x3a161c0 sleep
6 6.000000000000000 process-state emigrant-0x3a161c0 executing
8 6.000000000000000 presence 0x3a161c0-0x3a16020
19 6.000000000000000 presence 0x3a161c0-0x3a161a0 presence
6 6.000000000000000 process-state emigrant-0x3a161c0 sleep
6 8.000000000000000 process-state emigrant-0x3a161c0 executing
8 8.000000000000000 presence 0x3a161c0-0x3a161a0
5 8.000000000000000 0x3a161c0-0x3a47fa0 PROCESS Ginette emigrant-0x3a161c0
6 8.000000000000000 category 0x3a161c0-0x3a47fa0 emigrant
19 8.000000000000000 presence 0x3a161c0-0x3a47fa0 presence
6 8.000000000000000 process-state emigrant-0x3a161c0 sleep
6 10.000000000000000 process-state emigrant-0x3a161c0 executing
8 10.000000000000000 presence 0x3a161c0-0x3a47fa0
5 10.000000000000000 0x3a161c0-0x3a160a0 PROCESS Bourassa emigrant-0x3a161c0
6 10.000000000000000 category 0x3a161c0-0x3a160a0 emigrant
19 10.000000000000000 presence 0x3a161c0-0x3a160a0 presence
6 10.000000000000000 process-state emigrant-0x3a161c0 sleep
6 12.000000000000000 process-state emigrant-0x3a161c0 executing
9 12.000000000000000 process emigrant-0x3a161c0
9 12.000000000000000 PROCESS 0x3a161c0-0x3a160a0
9 12.000000000000000 HOST Fafard
9 12.000000000000000 HOST R.2-0
9 12.000000000000000 HOST R.4-3
9 12.000000000000000 HOST R.3-2-5
9 12.000000000000000 HOST R.1-8-6
9 12.000000000000000 HOST R.6-7
9 12.000000000000000 HOST Tremblay
9 12.000000000000000 HOST R.1-0
9 12.000000000000000 HOST Bourassa
9 12.000000000000000 HOST Jupiter
9 12.000000000000000 HOST Ginette
