 %EventDef PajeDefineContainerType 0 
%       Alias string 
%       ContainerType string 
%       Name string 
%EndEventDef 
%EventDef PajeDefineStateType 1 
%       Alias string 
%       ContainerType string 
%       Name string 
%EndEventDef 
%EventDef PajeDefineEntityValue 2 
%       Alias string 
%       EntityType string 
%       Name string 
%EndEventDef 
%EventDef PajeDefineEventType 3 
%       Alias string 
%       EntityType string 
%       Name string 
%EndEventDef 
%EventDef PajeDefineLinkType 4 
%       Alias string 
%       ContainerType string 
%       SourceContainerType string 
%       DestContainerType string 
%       Name string 
%EndEventDef 
%EventDef PajeCreateContainer 5 
%       Time date 
%       Alias string 
%       Type string 
%       Container string 
%       Name string 
%EndEventDef 
%EventDef PajeDestroyContainer 9 
%       Time date 
%       Type string 
%       Container string 
%EndEventDef 
%EventDef PajeSetState 6 
%       Time date 
%       EntityType string 
%       Container string 
%       Value string 
%EndEventDef
%EventDef PajeSetState 10 
%       Time date 
%       EntityType string 
%       Container string 
%       Value string 
%		 Host string
%EndEventDef
%EventDef PajePushState 7 
%       Time date 
%       EntityType string 
%       Container string 
%       Value string 
%       Host string 
%EndEventDef
%EventDef PajePopState 8 
%       Time date 
%       EntityType string 
%       Container string 
%EndEventDef
%EventDef PajeSetState 11 
%       Time date 
%       EntityType string 
%       Container string 
%       Value string 
%		 Host string
%		 Comm string
%		 Comp string
%EndEventDef
%EventDef PajeStartLink 12 
%       Time date 
%       EntityType string 
%       Container string 
%       Value string 
%       SourceContainer string 
%       Key string 
%EndEventDef
%EventDef PajeEndLink 13 
%       Time date 
%       EntityType string 
%       Container string 
%       Value string 
%       DestContainer string 
%       Key string 
%EndEventDef
%EventDef PajeCreateContainer 14 
%       Time date 
%       Alias string 
%       Type string 
%       Container string 
%       Name string 
%       Power string 
%EndEventDef 
%EventDef PajeStartLink 15 
%       Time date 
%       EntityType string 
%       Container string 
%       Value string 
%       SourceContainer string 
%       Key string 
%       Bandwidth string 
%       Latency string 
%EndEventDef
%EventDef PajePushState 16 
%       Time date 
%       EntityType string 
%       Container string 
%       Value string 
%       PowerUsed string 
%EndEventDef
%EventDef PajePushState 17 
%       Time date 
%       EntityType string 
%       Container string 
%       Value string 
%       BandwidthUsed string 
%EndEventDef
%EventDef PajeSetState 18 
%       Time date 
%       EntityType string 
%       Container string 
%       Value string 
%       PowerUsed string 
%EndEventDef
%EventDef PajePushState 19 
%       Time date 
%       EntityType string 
%       Container string 
%       Value string 
%EndEventDef
%EventDef PajeCreateContainer 20 
%       Time date 
%       Alias string 
%       Type string 
%       Container string 
%       Name string 
%       Bandwidth string 
%       Latency string 
%EndEventDef 
%EventDef PajeCreateContainer 21 
%       Time date 
%       Alias string 
%       Type string 
%       Container string 
%       Name string 
%       Bandwidth string 
%       Latency string 
%       SrcHost string 
%       DstHost string 
%EndEventDef 
%EventDef PajeSetVariable 22 
%       Time date 
%       EntityType string 
%       Container string 
%       Value string 
%EndEventDef
%EventDef PajeAddVariable 23 
%       Time date 
%       EntityType string 
%       Container string 
%       Value string 
%EndEventDef
%EventDef PajeSubVariable 24 
%       Time date 
%       EntityType string 
%       Container string 
%       Value string 
%EndEventDef
%EventDef PajeDefineVariableType 25 
%       Alias string 
%       ContainerType string 
%       Name string 
%EndEventDef 
%EventDef PajeStartLink 26 
%       Time date 
%       EntityType string 
%       Container string 
%       Value string 
%       SourceContainer string 
%       Key string 
%       Volume string 
%EndEventDef
0 PLATFORM 0 platform
0 HOST PLATFORM HOST
0 LINK PLATFORM LINK
0 TASK HOST TASK
1 category TASK category
1 presence TASK presence
5 0.000000000000000 platform PLATFORM 0 simgrid-platform
0 user_type 0 user_type
0 task user_type task
1 task-state task task-state
5 0.000000000000000 compute user_type 0 compute
5 0.000000000000000 finalize user_type 0 finalize
5 0.000000000000000 Tremblay HOST platform Tremblay
5 0.000000000000000 Jupiter HOST platform Jupiter
5 0.000000000000000 Fafard HOST platform Fafard
5 0.000000000000000 Ginette HOST platform Ginette
5 0.000000000000000 Bourassa HOST platform Bourassa
5 0.000000000000000 R.4-3 HOST platform R.4-3
5 0.000000000000000 R.3-2-5 HOST platform R.3-2-5
5 0.000000000000000 R.2-0 HOST platform R.2-0
5 0.000000000000000 R.1-0 HOST platform R.1-0
5 0.000000000000000 R.1-8-6 HOST platform R.1-8-6
5 0.000000000000000 R.6-7 HOST platform R.6-7
21 0.000000000000000 9 LINK platform 9 7209750.000000 0.001462 Jupiter Tremblay
21 0.000000000000000 0 LINK platform 0 41279125.000000 0.000060 R.2-0 R.1-0
21 0.000000000000000 4 LINK platform 4 10099625.000000 0.000480 Tremblay R.4-3
21 0.000000000000000 1 LINK platform 1 34285625.000000 0.000514 R.1-0 R.1-8-6
21 0.000000000000000 5 LINK platform 5 27946250.000000 0.000278 R.3-2-5 Ginette
21 0.000000000000000 7 LINK platform 7 11618875.000000 0.000190 R.6-7 Bourassa
21 0.000000000000000 3 LINK platform 3 34285622.000000 0.000514 R.4-3 R.3-2-5
21 0.000000000000000 6 LINK platform 6 41279125.000000 0.000060 R.1-8-6 R.6-7
21 0.000000000000000 8 LINK platform 8 8158000.000000 0.000271 Fafard R.1-8-6
21 0.000000000000000 2 LINK platform 2 22222222.000000 0.000137 R.3-2-5 R.2-0
5 0.000000000000000 0x4296380-0-0x42951c0-0x4295120 TASK Tremblay 0x4296380-0
6 0.000000000000000 category 0x4296380-0-0x42951c0-0x4295120 compute
19 0.000000000000000 presence 0x4296380-0-0x42951c0-0x4295120 presence
5 0.000000000000000 0x4296380-0 task compute 0x4296380-0
19 0.000000000000000 task-state 0x4296380-0 created
8 0.000000000000000 task-state 0x4296380-0
19 0.000000000000000 task-state 0x4296380-0 communicate
8 0.000000000000000 presence 0x4296380-0-0x42951c0-0x4295120
5 0.002338643617950 0x43c10c0-1-0x42951c0-0x4295120 TASK Tremblay 0x43c10c0-1
6 0.002338643617950 category 0x43c10c0-1-0x42951c0-0x4295120 compute
19 0.002338643617950 presence 0x43c10c0-1-0x42951c0-0x4295120 presence
5 0.002338643617950 0x43c10c0-1 task compute 0x43c10c0-1
19 0.002338643617950 task-state 0x43c10c0-1 created
8 0.002338643617950 task-state 0x43c10c0-1
19 0.002338643617950 task-state 0x43c10c0-1 communicate
8 0.002338643617950 presence 0x43c10c0-1-0x42951c0-0x4295120
8 0.002338643617950 task-state 0x4296380-0
5 0.002338643617950 0x4296380-0-0x42c6f20-0x4295120 TASK Tremblay 0x4296380-0
6 0.002338643617950 category 0x4296380-0-0x42c6f20-0x4295120 compute
19 0.002338643617950 presence 0x4296380-0-0x42c6f20-0x4295120 presence
19 0.002338643617950 task-state 0x4296380-0 execute
8 0.168300447081722 task-state 0x43c10c0-1
5 0.168300447081722 0x43c10c0-1-0x42c6ee0-0x4295020 TASK Jupiter 0x43c10c0-1
6 0.168300447081722 category 0x43c10c0-1-0x42c6ee0-0x4295020 compute
19 0.168300447081722 presence 0x43c10c0-1-0x42c6ee0-0x4295020 presence
19 0.168300447081722 task-state 0x43c10c0-1 execute
5 0.168300447081722 0x43c6500-2-0x42951c0-0x4295120 TASK Tremblay 0x43c6500-2
6 0.168300447081722 category 0x43c6500-2-0x42951c0-0x4295120 compute
19 0.168300447081722 presence 0x43c6500-2-0x42951c0-0x4295120 presence
5 0.168300447081722 0x43c6500-2 task compute 0x43c6500-2
19 0.168300447081722 task-state 0x43c6500-2 created
8 0.168300447081722 task-state 0x43c6500-2
19 0.168300447081722 task-state 0x43c6500-2 communicate
8 0.168300447081722 presence 0x43c6500-2-0x42951c0-0x4295120
8 0.386453607081722 task-state 0x43c6500-2
5 0.386453607081722 0x43c6500-2-0x42c6ea0-0x42951a0 TASK Fafard 0x43c6500-2
6 0.386453607081722 category 0x43c6500-2-0x42c6ea0-0x42951a0 compute
19 0.386453607081722 presence 0x43c6500-2-0x42c6ea0-0x42951a0 presence
19 0.386453607081722 task-state 0x43c6500-2 execute
5 0.386453607081722 0x43c6480-3-0x42951c0-0x4295120 TASK Tremblay 0x43c6480-3
6 0.386453607081722 category 0x43c6480-3-0x42951c0-0x4295120 compute
19 0.386453607081722 presence 0x43c6480-3-0x42951c0-0x4295120 presence
5 0.386453607081722 0x43c6480-3 task compute 0x43c6480-3
19 0.386453607081722 task-state 0x43c6480-3 created
8 0.386453607081722 task-state 0x43c6480-3
19 0.386453607081722 task-state 0x43c6480-3 communicate
8 0.386453607081722 presence 0x43c6480-3-0x42951c0-0x4295120
8 0.512048618642161 task-state 0x4296380-0
9 0.512048618642161 task 0x4296380-0
8 0.512048618642161 presence 0x4296380-0-0x42c6f20-0x4295120
8 0.526913208681722 task-state 0x43c6480-3
5 0.526913208681722 0x43c6480-3-0x42c6e60-0x42c6fa0 TASK Ginette 0x43c6480-3
6 0.526913208681722 category 0x43c6480-3-0x42c6e60-0x42c6fa0 compute
19 0.526913208681722 presence 0x43c6480-3-0x42c6e60-0x42c6fa0 presence
19 0.526913208681722 task-state 0x43c6480-3 execute
5 0.526913208681722 0x43c6bc0-4-0x42951c0-0x4295120 TASK Tremblay 0x43c6bc0-4
6 0.526913208681722 category 0x43c6bc0-4-0x42951c0-0x4295120 compute
19 0.526913208681722 presence 0x43c6bc0-4-0x42951c0-0x4295120 presence
5 0.526913208681722 0x43c6bc0-4 task compute 0x43c6bc0-4
19 0.526913208681722 task-state 0x43c6bc0-4 created
8 0.526913208681722 task-state 0x43c6bc0-4
19 0.526913208681722 task-state 0x43c6bc0-4 communicate
8 0.526913208681722 presence 0x43c6bc0-4-0x42951c0-0x4295120
8 0.742785504681722 task-state 0x43c6bc0-4
5 0.742785504681722 0x43c6bc0-4-0x42c6e20-0x42950a0 TASK Bourassa 0x43c6bc0-4
6 0.742785504681722 category 0x43c6bc0-4-0x42c6e20-0x42950a0 compute
19 0.742785504681722 presence 0x43c6bc0-4-0x42c6e20-0x42950a0 presence
19 0.742785504681722 task-state 0x43c6bc0-4 execute
5 0.742785504681722 0x43c68c0-5-0x42951c0-0x4295120 TASK Tremblay 0x43c68c0-5
6 0.742785504681722 category 0x43c68c0-5-0x42951c0-0x4295120 compute
19 0.742785504681722 presence 0x43c68c0-5-0x42951c0-0x4295120 presence
5 0.742785504681722 0x43c68c0-5 task compute 0x43c68c0-5
19 0.742785504681722 task-state 0x43c68c0-5 created
8 0.742785504681722 task-state 0x43c68c0-5
19 0.742785504681722 task-state 0x43c68c0-5 communicate
8 0.742785504681722 presence 0x43c68c0-5-0x42951c0-0x4295120
8 0.745124148299672 task-state 0x43c68c0-5
5 0.745124148299672 0x43c68c0-5-0x42c6f20-0x4295120 TASK Tremblay 0x43c68c0-5
6 0.745124148299672 category 0x43c68c0-5-0x42c6f20-0x4295120 compute
19 0.745124148299672 presence 0x43c68c0-5-0x42c6f20-0x4295120 presence
19 0.745124148299672 task-state 0x43c68c0-5 execute
5 0.745124148299672 0x43c6940-6-0x42951c0-0x4295120 TASK Tremblay 0x43c6940-6
6 0.745124148299672 category 0x43c6940-6-0x42951c0-0x4295120 compute
19 0.745124148299672 presence 0x43c6940-6-0x42951c0-0x4295120 presence
5 0.745124148299672 0x43c6940-6 task compute 0x43c6940-6
19 0.745124148299672 task-state 0x43c6940-6 created
8 0.745124148299672 task-state 0x43c6940-6
19 0.745124148299672 task-state 0x43c6940-6 communicate
8 0.745124148299672 presence 0x43c6940-6-0x42951c0-0x4295120
8 0.823642797925803 task-state 0x43c10c0-1
9 0.823642797925803 task 0x43c10c0-1
8 0.823642797925803 presence 0x43c10c0-1-0x42c6ee0-0x4295020
5 0.989604601389575 0x43c6880-7-0x42951c0-0x4295120 TASK Tremblay 0x43c6880-7
6 0.989604601389575 category 0x43c6880-7-0x42951c0-0x4295120 compute
19 0.989604601389575 presence 0x43c6880-7-0x42951c0-0x4295120 presence
5 0.989604601389575 0x43c6880-7 task compute 0x43c6880-7
19 0.989604601389575 task-state 0x43c6880-7 created
8 0.989604601389575 task-state 0x43c6880-7
19 0.989604601389575 task-state 0x43c6880-7 communicate
8 0.989604601389575 presence 0x43c6880-7-0x42951c0-0x4295120
8 0.989604601389575 task-state 0x43c6940-6
5 0.989604601389575 0x43c6940-6-0x42c6ee0-0x4295020 TASK Jupiter 0x43c6940-6
6 0.989604601389575 category 0x43c6940-6-0x42c6ee0-0x4295020 compute
19 0.989604601389575 presence 0x43c6940-6-0x42c6ee0-0x4295020 presence
19 0.989604601389575 task-state 0x43c6940-6 execute
8 1.041795957925803 task-state 0x43c6500-2
9 1.041795957925803 task 0x43c6500-2
8 1.041795957925803 presence 0x43c6500-2-0x42c6ea0-0x42951a0
8 1.254834123323883 task-state 0x43c68c0-5
9 1.254834123323883 task 0x43c68c0-5
8 1.254834123323883 presence 0x43c68c0-5-0x42c6f20-0x4295120
5 1.259949117925803 0x43c6500-8-0x42951c0-0x4295120 TASK Tremblay 0x43c6500-8
6 1.259949117925803 category 0x43c6500-8-0x42951c0-0x4295120 compute
19 1.259949117925803 presence 0x43c6500-8-0x42951c0-0x4295120 presence
5 1.259949117925803 0x43c6500-8 task compute 0x43c6500-8
19 1.259949117925803 task-state 0x43c6500-8 created
8 1.259949117925803 task-state 0x43c6500-8
19 1.259949117925803 task-state 0x43c6500-8 communicate
8 1.259949117925803 presence 0x43c6500-8-0x42951c0-0x4295120
8 1.259949117925803 task-state 0x43c6880-7
5 1.259949117925803 0x43c6880-7-0x42c6ea0-0x42951a0 TASK Fafard 0x43c6880-7
6 1.259949117925803 category 0x43c6880-7-0x42c6ea0-0x42951a0 compute
19 1.259949117925803 presence 0x43c6880-7-0x42c6ea0-0x42951a0 presence
19 1.259949117925803 task-state 0x43c6880-7 execute
8 1.262287761543753 task-state 0x43c6500-8
5 1.262287761543753 0x43c6500-8-0x42c6f20-0x4295120 TASK Tremblay 0x43c6500-8
6 1.262287761543753 category 0x43c6500-8-0x42c6f20-0x4295120 compute
19 1.262287761543753 presence 0x43c6500-8-0x42c6f20-0x4295120 presence
19 1.262287761543753 task-state 0x43c6500-8 execute
5 1.262287761543753 0x43c6a00-9-0x42951c0-0x4295120 TASK Tremblay 0x43c6a00-9
6 1.262287761543753 category 0x43c6a00-9-0x42951c0-0x4295120 compute
19 1.262287761543753 presence 0x43c6a00-9-0x42951c0-0x4295120 presence
5 1.262287761543753 0x43c6a00-9 task compute 0x43c6a00-9
19 1.262287761543753 task-state 0x43c6a00-9 created
8 1.262287761543753 task-state 0x43c6a00-9
19 1.262287761543753 task-state 0x43c6a00-9 communicate
8 1.262287761543753 presence 0x43c6a00-9-0x42951c0-0x4295120
8 1.558011121739546 task-state 0x43c6480-3
9 1.558011121739546 task 0x43c6480-3
8 1.558011121739546 presence 0x43c6480-3-0x42c6e60-0x42c6fa0
8 1.644946952233656 task-state 0x43c6940-6
9 1.644946952233656 task 0x43c6940-6
8 1.644946952233656 presence 0x43c6940-6-0x42c6ee0-0x4295020
5 1.698470723339546 0x43c6940-10-0x42951c0-0x4295120 TASK Tremblay 0x43c6940-10
6 1.698470723339546 category 0x43c6940-10-0x42951c0-0x4295120 compute
19 1.698470723339546 presence 0x43c6940-10-0x42951c0-0x4295120 presence
5 1.698470723339546 0x43c6940-10 task compute 0x43c6940-10
19 1.698470723339546 task-state 0x43c6940-10 created
8 1.698470723339546 task-state 0x43c6940-10
19 1.698470723339546 task-state 0x43c6940-10 communicate
8 1.698470723339546 presence 0x43c6940-10-0x42951c0-0x4295120
8 1.698470723339546 task-state 0x43c6a00-9
5 1.698470723339546 0x43c6a00-9-0x42c6e60-0x42c6fa0 TASK Ginette 0x43c6a00-9
6 1.698470723339546 category 0x43c6a00-9-0x42c6e60-0x42c6fa0 compute
19 1.698470723339546 presence 0x43c6a00-9-0x42c6e60-0x42c6fa0 presence
19 1.698470723339546 task-state 0x43c6a00-9 execute
8 1.771997736567964 task-state 0x43c6500-8
9 1.771997736567964 task 0x43c6500-8
8 1.771997736567964 presence 0x43c6500-8-0x42c6f20-0x4295120
8 1.773883417739546 task-state 0x43c6bc0-4
9 1.773883417739546 task 0x43c6bc0-4
8 1.773883417739546 presence 0x43c6bc0-4-0x42c6e20-0x42950a0
8 1.864432526803318 task-state 0x43c6940-10
5 1.864432526803318 0x43c6940-10-0x42c6ee0-0x4295020 TASK Jupiter 0x43c6940-10
6 1.864432526803318 category 0x43c6940-10-0x42c6ee0-0x4295020 compute
19 1.864432526803318 presence 0x43c6940-10-0x42c6ee0-0x4295020 presence
19 1.864432526803318 task-state 0x43c6940-10 execute
5 1.864432526803318 0x43c6e40-11-0x42951c0-0x4295120 TASK Tremblay 0x43c6e40-11
6 1.864432526803318 category 0x43c6e40-11-0x42951c0-0x4295120 compute
19 1.864432526803318 presence 0x43c6e40-11-0x42951c0-0x4295120 presence
5 1.864432526803318 0x43c6e40-11 task compute 0x43c6e40-11
19 1.864432526803318 task-state 0x43c6e40-11 created
8 1.864432526803318 task-state 0x43c6e40-11
19 1.864432526803318 task-state 0x43c6e40-11 communicate
8 1.864432526803318 presence 0x43c6e40-11-0x42951c0-0x4295120
8 1.866771170421268 task-state 0x43c6e40-11
5 1.866771170421268 0x43c6e40-11-0x42c6f20-0x4295120 TASK Tremblay 0x43c6e40-11
6 1.866771170421268 category 0x43c6e40-11-0x42c6f20-0x4295120 compute
19 1.866771170421268 presence 0x43c6e40-11-0x42c6f20-0x4295120 presence
19 1.866771170421268 task-state 0x43c6e40-11 execute
5 1.866771170421268 0x43c6100-12-0x42951c0-0x4295120 TASK Tremblay 0x43c6100-12
6 1.866771170421268 category 0x43c6100-12-0x42951c0-0x4295120 compute
19 1.866771170421268 presence 0x43c6100-12-0x42951c0-0x4295120 presence
5 1.866771170421268 0x43c6100-12 task compute 0x43c6100-12
19 1.866771170421268 task-state 0x43c6100-12 created
8 1.866771170421268 task-state 0x43c6100-12
19 1.866771170421268 task-state 0x43c6100-12 communicate
8 1.866771170421268 presence 0x43c6100-12-0x42951c0-0x4295120
8 1.915291468769884 task-state 0x43c6880-7
9 1.915291468769884 task 0x43c6880-7
8 1.915291468769884 presence 0x43c6880-7-0x42c6ea0-0x42951a0
8 2.082643466421268 task-state 0x43c6100-12
5 2.082643466421268 0x43c6100-12-0x42c6e20-0x42950a0 TASK Bourassa 0x43c6100-12
6 2.082643466421268 category 0x43c6100-12-0x42c6e20-0x42950a0 compute
19 2.082643466421268 presence 0x43c6100-12-0x42c6e20-0x42950a0 presence
19 2.082643466421268 task-state 0x43c6100-12 execute
5 2.082643466421268 0x43c6180-13-0x42951c0-0x4295120 TASK Tremblay 0x43c6180-13
6 2.082643466421268 category 0x43c6180-13-0x42951c0-0x4295120 compute
19 2.082643466421268 presence 0x43c6180-13-0x42951c0-0x4295120 presence
5 2.082643466421268 0x43c6180-13 task compute 0x43c6180-13
19 2.082643466421268 task-state 0x43c6180-13 created
8 2.082643466421268 task-state 0x43c6180-13
19 2.082643466421268 task-state 0x43c6180-13 communicate
8 2.082643466421268 presence 0x43c6180-13-0x42951c0-0x4295120
8 2.300796626421268 task-state 0x43c6180-13
5 2.300796626421268 0x43c6180-13-0x42c6ea0-0x42951a0 TASK Fafard 0x43c6180-13
6 2.300796626421268 category 0x43c6180-13-0x42c6ea0-0x42951a0 compute
19 2.300796626421268 presence 0x43c6180-13-0x42c6ea0-0x42951a0 presence
19 2.300796626421268 task-state 0x43c6180-13 execute
5 2.300796626421268 0x43c6300-14-0x42951c0-0x4295120 TASK Tremblay 0x43c6300-14
6 2.300796626421268 category 0x43c6300-14-0x42951c0-0x4295120 compute
19 2.300796626421268 presence 0x43c6300-14-0x42951c0-0x4295120 presence
5 2.300796626421268 0x43c6300-14 task compute 0x43c6300-14
19 2.300796626421268 task-state 0x43c6300-14 created
8 2.300796626421268 task-state 0x43c6300-14
19 2.300796626421268 task-state 0x43c6300-14 communicate
8 2.300796626421268 presence 0x43c6300-14-0x42951c0-0x4295120
8 2.376481145445480 task-state 0x43c6e40-11
9 2.376481145445480 task 0x43c6e40-11
8 2.376481145445480 presence 0x43c6e40-11-0x42c6f20-0x4295120
5 2.378819789063430 0x43c6f40-15-0x42951c0-0x4295120 TASK Tremblay 0x43c6f40-15
6 2.378819789063430 category 0x43c6f40-15-0x42951c0-0x4295120 compute
19 2.378819789063430 presence 0x43c6f40-15-0x42951c0-0x4295120 presence
5 2.378819789063430 0x43c6f40-15 task compute 0x43c6f40-15
19 2.378819789063430 task-state 0x43c6f40-15 created
8 2.378819789063430 task-state 0x43c6f40-15
19 2.378819789063430 task-state 0x43c6f40-15 communicate
8 2.378819789063430 presence 0x43c6f40-15-0x42951c0-0x4295120
8 2.378819789063430 task-state 0x43c6300-14
5 2.378819789063430 0x43c6300-14-0x42c6f20-0x4295120 TASK Tremblay 0x43c6300-14
6 2.378819789063430 category 0x43c6300-14-0x42c6f20-0x4295120 compute
19 2.378819789063430 presence 0x43c6300-14-0x42c6f20-0x4295120 presence
19 2.378819789063430 task-state 0x43c6300-14 execute
8 2.519774877647399 task-state 0x43c6940-10
9 2.519774877647399 task 0x43c6940-10
8 2.519774877647399 presence 0x43c6940-10-0x42c6ee0-0x4295020
5 2.685736681111171 0x43c6ac0-16-0x42951c0-0x4295120 TASK Tremblay 0x43c6ac0-16
6 2.685736681111171 category 0x43c6ac0-16-0x42951c0-0x4295120 compute
19 2.685736681111171 presence 0x43c6ac0-16-0x42951c0-0x4295120 presence
5 2.685736681111171 0x43c6ac0-16 task compute 0x43c6ac0-16
19 2.685736681111171 task-state 0x43c6ac0-16 created
8 2.685736681111171 task-state 0x43c6ac0-16
19 2.685736681111171 task-state 0x43c6ac0-16 communicate
8 2.685736681111171 presence 0x43c6ac0-16-0x42951c0-0x4295120
8 2.685736681111171 task-state 0x43c6f40-15
5 2.685736681111171 0x43c6f40-15-0x42c6ee0-0x4295020 TASK Jupiter 0x43c6f40-15
6 2.685736681111171 category 0x43c6f40-15-0x42c6ee0-0x4295020 compute
19 2.685736681111171 presence 0x43c6f40-15-0x42c6ee0-0x4295020 presence
19 2.685736681111171 task-state 0x43c6f40-15 execute
8 2.729568636397370 task-state 0x43c6a00-9
9 2.729568636397370 task 0x43c6a00-9
8 2.729568636397370 presence 0x43c6a00-9-0x42c6e60-0x42c6fa0
5 2.870028237997370 0x43c9680-17-0x42951c0-0x4295120 TASK Tremblay 0x43c9680-17
6 2.870028237997370 category 0x43c9680-17-0x42951c0-0x4295120 compute
19 2.870028237997370 presence 0x43c9680-17-0x42951c0-0x4295120 presence
5 2.870028237997370 0x43c9680-17 task compute 0x43c9680-17
19 2.870028237997370 task-state 0x43c9680-17 created
8 2.870028237997370 task-state 0x43c9680-17
19 2.870028237997370 task-state 0x43c9680-17 communicate
8 2.870028237997370 presence 0x43c9680-17-0x42951c0-0x4295120
8 2.870028237997370 task-state 0x43c6ac0-16
5 2.870028237997370 0x43c6ac0-16-0x42c6e60-0x42c6fa0 TASK Ginette 0x43c6ac0-16
6 2.870028237997370 category 0x43c6ac0-16-0x42c6e60-0x42c6fa0 compute
19 2.870028237997370 presence 0x43c6ac0-16-0x42c6e60-0x42c6fa0 presence
19 2.870028237997370 task-state 0x43c6ac0-16 execute
8 2.888529764087641 task-state 0x43c6300-14
9 2.888529764087641 task 0x43c6300-14
8 2.888529764087641 presence 0x43c6300-14-0x42c6f20-0x4295120
5 2.890868407705591 0x43c6480-18-0x42951c0-0x4295120 TASK Tremblay 0x43c6480-18
6 2.890868407705591 category 0x43c6480-18-0x42951c0-0x4295120 compute
19 2.890868407705591 presence 0x43c6480-18-0x42951c0-0x4295120 presence
5 2.890868407705591 0x43c6480-18 task compute 0x43c6480-18
19 2.890868407705591 task-state 0x43c6480-18 created
8 2.890868407705591 task-state 0x43c6480-18
19 2.890868407705591 task-state 0x43c6480-18 communicate
8 2.890868407705591 presence 0x43c6480-18-0x42951c0-0x4295120
8 2.890868407705591 task-state 0x43c9680-17
5 2.890868407705591 0x43c9680-17-0x42c6f20-0x4295120 TASK Tremblay 0x43c9680-17
6 2.890868407705591 category 0x43c9680-17-0x42c6f20-0x4295120 compute
19 2.890868407705591 presence 0x43c9680-17-0x42c6f20-0x4295120 presence
19 2.890868407705591 task-state 0x43c9680-17 execute
8 2.956138977265349 task-state 0x43c6180-13
9 2.956138977265349 task 0x43c6180-13
8 2.956138977265349 presence 0x43c6180-13-0x42c6ea0-0x42951a0
8 3.113741379479092 task-state 0x43c6100-12
9 3.113741379479092 task 0x43c6100-12
8 3.113741379479092 presence 0x43c6100-12-0x42c6e20-0x42950a0
5 3.174292137265349 0x43c6100-19-0x42951c0-0x4295120 TASK Tremblay 0x43c6100-19
6 3.174292137265349 category 0x43c6100-19-0x42951c0-0x4295120 compute
19 3.174292137265349 presence 0x43c6100-19-0x42951c0-0x4295120 presence
5 3.174292137265349 0x43c6100-19 task compute 0x43c6100-19
19 3.174292137265349 task-state 0x43c6100-19 created
8 3.174292137265349 task-state 0x43c6100-19
19 3.174292137265349 task-state 0x43c6100-19 communicate
8 3.174292137265349 presence 0x43c6100-19-0x42951c0-0x4295120
8 3.174292137265349 task-state 0x43c6480-18
5 3.174292137265349 0x43c6480-18-0x42c6ea0-0x42951a0 TASK Fafard 0x43c6480-18
6 3.174292137265349 category 0x43c6480-18-0x42c6ea0-0x42951a0 compute
19 3.174292137265349 presence 0x43c6480-18-0x42c6ea0-0x42951a0 presence
19 3.174292137265349 task-state 0x43c6480-18 execute
8 3.341079031955252 task-state 0x43c6f40-15
9 3.341079031955252 task 0x43c6f40-15
8 3.341079031955252 presence 0x43c6f40-15-0x42c6ee0-0x4295020
8 3.390164433265349 task-state 0x43c6100-19
5 3.390164433265349 0x43c6100-19-0x42c6e20-0x42950a0 TASK Bourassa 0x43c6100-19
6 3.390164433265349 category 0x43c6100-19-0x42c6e20-0x42950a0 compute
19 3.390164433265349 presence 0x43c6100-19-0x42c6e20-0x42950a0 presence
19 3.390164433265349 task-state 0x43c6100-19 execute
5 3.390164433265349 0x43c6400-20-0x42951c0-0x4295120 TASK Tremblay 0x43c6400-20
6 3.390164433265349 category 0x43c6400-20-0x42951c0-0x4295120 finalize
19 3.390164433265349 presence 0x43c6400-20-0x42951c0-0x4295120 presence
5 3.390164433265349 0x43c6400-20 task finalize 0x43c6400-20
19 3.390164433265349 task-state 0x43c6400-20 created
8 3.390164433265349 task-state 0x43c6400-20
19 3.390164433265349 task-state 0x43c6400-20 communicate
8 3.390164433265349 presence 0x43c6400-20-0x42951c0-0x4295120
8 3.400578382729802 task-state 0x43c9680-17
9 3.400578382729802 task 0x43c9680-17
8 3.400578382729802 presence 0x43c9680-17-0x42c6f20-0x4295120
8 3.405364210065349 task-state 0x43c6400-20
5 3.405364210065349 0x43c6400-20-0x42c6ee0-0x4295020 TASK Jupiter 0x43c6400-20
6 3.405364210065349 category 0x43c6400-20-0x42c6ee0-0x4295020 finalize
19 3.405364210065349 presence 0x43c6400-20-0x42c6ee0-0x4295020 presence
9 3.405364210065349 task 0x43c6400-20
8 3.405364210065349 presence 0x43c6400-20-0x42c6ee0-0x4295020
5 3.405364210065349 0x43c6400-21-0x42951c0-0x4295120 TASK Tremblay 0x43c6400-21
6 3.405364210065349 category 0x43c6400-21-0x42951c0-0x4295120 finalize
19 3.405364210065349 presence 0x43c6400-21-0x42951c0-0x4295120 presence
5 3.405364210065349 0x43c6400-21 task finalize 0x43c6400-21
19 3.405364210065349 task-state 0x43c6400-21 created
8 3.405364210065349 task-state 0x43c6400-21
19 3.405364210065349 task-state 0x43c6400-21 communicate
8 3.405364210065349 presence 0x43c6400-21-0x42951c0-0x4295120
8 3.405520210065349 task-state 0x43c6400-21
5 3.405520210065349 0x43c6400-21-0x42c6f20-0x4295120 TASK Tremblay 0x43c6400-21
6 3.405520210065349 category 0x43c6400-21-0x42c6f20-0x4295120 finalize
19 3.405520210065349 presence 0x43c6400-21-0x42c6f20-0x4295120 presence
9 3.405520210065349 task 0x43c6400-21
8 3.405520210065349 presence 0x43c6400-21-0x42c6f20-0x4295120
5 3.405520210065349 0x43c6400-22-0x42951c0-0x4295120 TASK Tremblay 0x43c6400-22
6 3.405520210065349 category 0x43c6400-22-0x42951c0-0x4295120 finalize
19 3.405520210065349 presence 0x43c6400-22-0x42951c0-0x4295120 presence
5 3.405520210065349 0x43c6400-22 task finalize 0x43c6400-22
19 3.405520210065349 task-state 0x43c6400-22 created
8 3.405520210065349 task-state 0x43c6400-22
19 3.405520210065349 task-state 0x43c6400-22 communicate
8 3.405520210065349 presence 0x43c6400-22-0x42951c0-0x4295120
8 3.829634488109430 task-state 0x43c6480-18
9 3.829634488109430 task 0x43c6480-18
8 3.829634488109430 presence 0x43c6480-18-0x42c6ea0-0x42951a0
5 3.850185148109430 0x43caa00-23-0x42951c0-0x4295120 TASK Tremblay 0x43caa00-23
6 3.850185148109430 category 0x43caa00-23-0x42951c0-0x4295120 finalize
19 3.850185148109430 presence 0x43caa00-23-0x42951c0-0x4295120 presence
5 3.850185148109430 0x43caa00-23 task finalize 0x43caa00-23
19 3.850185148109430 task-state 0x43caa00-23 created
8 3.850185148109430 task-state 0x43caa00-23
19 3.850185148109430 task-state 0x43caa00-23 communicate
8 3.850185148109430 presence 0x43caa00-23-0x42951c0-0x4295120
8 3.850185148109430 task-state 0x43c6400-22
5 3.850185148109430 0x43c6400-22-0x42c6ea0-0x42951a0 TASK Fafard 0x43c6400-22
6 3.850185148109430 category 0x43c6400-22-0x42c6ea0-0x42951a0 finalize
19 3.850185148109430 presence 0x43c6400-22-0x42c6ea0-0x42951a0 presence
9 3.850185148109430 task 0x43c6400-22
8 3.850185148109430 presence 0x43c6400-22-0x42c6ea0-0x42951a0
8 3.901126151055194 task-state 0x43c6ac0-16
9 3.901126151055194 task 0x43c6ac0-16
8 3.901126151055194 presence 0x43c6ac0-16-0x42c6e60-0x42c6fa0
5 3.914357852655194 0x43c6ac0-24-0x42951c0-0x4295120 TASK Tremblay 0x43c6ac0-24
6 3.914357852655194 category 0x43c6ac0-24-0x42951c0-0x4295120 finalize
19 3.914357852655194 presence 0x43c6ac0-24-0x42951c0-0x4295120 presence
5 3.914357852655194 0x43c6ac0-24 task finalize 0x43c6ac0-24
19 3.914357852655194 task-state 0x43c6ac0-24 created
8 3.914357852655194 task-state 0x43c6ac0-24
19 3.914357852655194 task-state 0x43c6ac0-24 communicate
8 3.914357852655194 presence 0x43c6ac0-24-0x42951c0-0x4295120
8 3.914357852655194 task-state 0x43caa00-23
5 3.914357852655194 0x43caa00-23-0x42c6e60-0x42c6fa0 TASK Ginette 0x43caa00-23
6 3.914357852655194 category 0x43caa00-23-0x42c6e60-0x42c6fa0 finalize
19 3.914357852655194 presence 0x43caa00-23-0x42c6e60-0x42c6fa0 presence
9 3.914357852655194 task 0x43caa00-23
8 3.914357852655194 presence 0x43caa00-23-0x42c6e60-0x42c6fa0
8 4.421262346323173 task-state 0x43c6100-19
9 4.421262346323173 task 0x43c6100-19
8 4.421262346323173 presence 0x43c6100-19-0x42c6e20-0x42950a0
8 4.441598142323174 task-state 0x43c6ac0-24
5 4.441598142323174 0x43c6ac0-24-0x42c6e20-0x42950a0 TASK Bourassa 0x43c6ac0-24
6 4.441598142323174 category 0x43c6ac0-24-0x42c6e20-0x42950a0 finalize
19 4.441598142323174 presence 0x43c6ac0-24-0x42c6e20-0x42950a0 presence
9 4.441598142323174 task 0x43c6ac0-24
8 4.441598142323174 presence 0x43c6ac0-24-0x42c6e20-0x42950a0
9 4.441598142323174 HOST Fafard
9 4.441598142323174 HOST R.2-0
9 4.441598142323174 HOST R.4-3
9 4.441598142323174 HOST R.3-2-5
9 4.441598142323174 HOST R.1-8-6
9 4.441598142323174 HOST R.6-7
9 4.441598142323174 HOST Tremblay
9 4.441598142323174 HOST R.1-0
9 4.441598142323174 HOST Bourassa
9 4.441598142323174 HOST Jupiter
9 4.441598142323174 HOST Ginette
