 %EventDef PajeDefineContainerType 0 
%       Alias string 
%       ContainerType string 
%       Name string 
%EndEventDef 
%EventDef PajeDefineStateType 1 
%       Alias string 
%       ContainerType string 
%       Name string 
%EndEventDef 
%EventDef PajeDefineEntityValue 2 
%       Alias string 
%       EntityType string 
%       Name string 
%EndEventDef 
%EventDef PajeDefineEventType 3 
%       Alias string 
%       EntityType string 
%       Name string 
%EndEventDef 
%EventDef PajeDefineLinkType 4 
%       Alias string 
%       ContainerType string 
%       SourceContainerType string 
%       DestContainerType string 
%       Name string 
%EndEventDef 
%EventDef PajeCreateContainer 5 
%       Time date 
%       Alias string 
%       Type string 
%       Container string 
%       Name string 
%EndEventDef 
%EventDef PajeDestroyContainer 9 
%       Time date 
%       Type string 
%       Container string 
%EndEventDef 
%EventDef PajeSetState 6 
%       Time date 
%       EntityType string 
%       Container string 
%       Value string 
%EndEventDef
%EventDef PajeSetState 10 
%       Time date 
%       EntityType string 
%       Container string 
%       Value string 
%		 Host string
%EndEventDef
%EventDef PajePushState 7 
%       Time date 
%       EntityType string 
%       Container string 
%       Value string 
%       Host string 
%EndEventDef
%EventDef PajePopState 8 
%       Time date 
%       EntityType string 
%       Container string 
%EndEventDef
%EventDef PajeSetState 11 
%       Time date 
%       EntityType string 
%       Container string 
%       Value string 
%		 Host string
%		 Comm string
%		 Comp string
%EndEventDef
%EventDef PajeStartLink 12 
%       Time date 
%       EntityType string 
%       Container string 
%       Value string 
%       SourceContainer string 
%       Key string 
%EndEventDef
%EventDef PajeEndLink 13 
%       Time date 
%       EntityType string 
%       Container string 
%       Value string 
%       DestContainer string 
%       Key string 
%EndEventDef
%EventDef PajeCreateContainer 14 
%       Time date 
%       Alias string 
%       Type string 
%       Container string 
%       Name string 
%       Power string 
%EndEventDef 
%EventDef PajeStartLink 15 
%       Time date 
%       EntityType string 
%       Container string 
%       Value string 
%       SourceContainer string 
%       Key string 
%       Bandwidth string 
%       Latency string 
%EndEventDef
%EventDef PajePushState 16 
%       Time date 
%       EntityType string 
%       Container string 
%       Value string 
%       PowerUsed string 
%EndEventDef
%EventDef PajePushState 17 
%       Time date 
%       EntityType string 
%       Container string 
%       Value string 
%       BandwidthUsed string 
%EndEventDef
%EventDef PajeSetState 18 
%       Time date 
%       EntityType string 
%       Container string 
%       Value string 
%       PowerUsed string 
%EndEventDef
%EventDef PajePushState 19 
%       Time date 
%       EntityType string 
%       Container string 
%       Value string 
%EndEventDef
%EventDef PajeCreateContainer 20 
%       Time date 
%       Alias string 
%       Type string 
%       Container string 
%       Name string 
%       Bandwidth string 
%       Latency string 
%EndEventDef 
%EventDef PajeCreateContainer 21 
%       Time date 
%       Alias string 
%       Type string 
%       Container string 
%       Name string 
%       Bandwidth string 
%       Latency string 
%       SrcHost string 
%       DstHost string 
%EndEventDef 
%EventDef PajeSetVariable 22 
%       Time date 
%       EntityType string 
%       Container string 
%       Value string 
%EndEventDef
%EventDef PajeAddVariable 23 
%       Time date 
%       EntityType string 
%       Container string 
%       Value string 
%EndEventDef
%EventDef PajeSubVariable 24 
%       Time date 
%       EntityType string 
%       Container string 
%       Value string 
%EndEventDef
%EventDef PajeDefineVariableType 25 
%       Alias string 
%       ContainerType string 
%       Name string 
%EndEventDef 
%EventDef PajeStartLink 26 
%       Time date 
%       EntityType string 
%       Container string 
%       Value string 
%       SourceContainer string 
%       Key string 
%       Volume string 
%EndEventDef
0 PLATFORM 0 platform
0 HOST PLATFORM HOST
0 LINK PLATFORM LINK
0 PROCESS HOST PROCESS
4 volume 0 PROCESS PROCESS volume
5 0.000000000000000 platform PLATFORM 0 simgrid-platform
0 user_type 0 user_type
5 0.000000000000000 compute user_type 0 compute
5 0.000000000000000 request user_type 0 request
5 0.000000000000000 data user_type 0 data
5 0.000000000000000 finalize user_type 0 finalize
5 0.000000000000000 master user_type 0 master
5 0.000000000000000 slave user_type 0 slave
5 0.000000000000000 Tremblay HOST platform Tremblay
5 0.000000000000000 Jupiter HOST platform Jupiter
5 0.000000000000000 Fafard HOST platform Fafard
5 0.000000000000000 Ginette HOST platform Ginette
5 0.000000000000000 Bourassa HOST platform Bourassa
5 0.000000000000000 R.4-3 HOST platform R.4-3
5 0.000000000000000 R.3-2-5 HOST platform R.3-2-5
5 0.000000000000000 R.2-0 HOST platform R.2-0
5 0.000000000000000 R.1-0 HOST platform R.1-0
5 0.000000000000000 R.1-8-6 HOST platform R.1-8-6
5 0.000000000000000 R.6-7 HOST platform R.6-7
21 0.000000000000000 9 LINK platform 9 7209750.000000 0.001462 Jupiter Tremblay
21 0.000000000000000 0 LINK platform 0 41279125.000000 0.000060 R.2-0 R.1-0
21 0.000000000000000 4 LINK platform 4 10099625.000000 0.000480 Tremblay R.4-3
21 0.000000000000000 1 LINK platform 1 34285625.000000 0.000514 R.1-0 R.1-8-6
21 0.000000000000000 5 LINK platform 5 27946250.000000 0.000278 R.3-2-5 Ginette
21 0.000000000000000 7 LINK platform 7 11618875.000000 0.000190 R.6-7 Bourassa
21 0.000000000000000 3 LINK platform 3 34285622.000000 0.000514 R.4-3 R.3-2-5
21 0.000000000000000 6 LINK platform 6 41279125.000000 0.000060 R.1-8-6 R.6-7
21 0.000000000000000 8 LINK platform 8 8158000.000000 0.000271 Fafard R.1-8-6
21 0.000000000000000 2 LINK platform 2 22222222.000000 0.000137 R.3-2-5 R.2-0
5 0.000000000000000 0x2d921c0-0x2d92120 PROCESS Tremblay master-0x2d921c0
26 0.000000000000000 volume 0 compute 0x2d921c0-0x2d92120 0x2ebe040-0 10000000.000000
5 0.000000000000000 0x2dc3f20-0x2d92120 PROCESS Tremblay slave-0x2dc3f20
5 0.000000000000000 0x2dc3ee0-0x2d92020 PROCESS Jupiter slave-0x2dc3ee0
5 0.000000000000000 0x2dc3ea0-0x2d921a0 PROCESS Fafard slave-0x2dc3ea0
5 0.000000000000000 0x2dc3e60-0x2dc3fa0 PROCESS Ginette slave-0x2dc3e60
5 0.000000000000000 0x2dc3e20-0x2d920a0 PROCESS Bourassa slave-0x2dc3e20
26 0.021982436179501 volume 0 request 0x2d921c0-0x2d92120 0x2d93280-1 10000000.000000
13 0.021982436179501 volume 0 compute 0x2dc3f20-0x2d92120 0x2ebe040-0
13 1.544802479617221 volume 0 request 0x2dc3ee0-0x2d92020 0x2d93280-1
26 1.544802479617221 volume 0 data 0x2d921c0-0x2d92120 0x2ec37c0-2 10000000.000000
13 3.541378139617221 volume 0 data 0x2dc3ea0-0x2d921a0 0x2ec37c0-2
26 3.541378139617221 volume 0 compute 0x2d921c0-0x2d92120 0x2ec3fc0-3 10000000.000000
13 4.826888841217221 volume 0 compute 0x2dc3e60-0x2dc3fa0 0x2ec3fc0-3
26 4.826888841217221 volume 0 request 0x2d921c0-0x2d92120 0x2ec3880-4 10000000.000000
13 6.802589637217221 volume 0 request 0x2dc3e20-0x2d920a0 0x2ec3880-4
26 6.802589637217221 volume 0 data 0x2d921c0-0x2d92120 0x2ec3540-5 10000000.000000
26 10.238164372843226 volume 0 compute 0x2d921c0-0x2d92120 0x2ec3380-6 10000000.000000
13 10.238164372843226 volume 0 data 0x2dc3f20-0x2d92120 0x2ec3540-5
26 16.174469539936560 volume 0 request 0x2d921c0-0x2d92120 0x2ec3bc0-7 10000000.000000
13 16.174469539936560 volume 0 compute 0x2dc3ee0-0x2d92020 0x2ec3380-6
26 18.644800816498840 volume 0 data 0x2d921c0-0x2d92120 0x2ec37c0-8 10000000.000000
13 18.644800816498840 volume 0 request 0x2dc3ea0-0x2d921a0 0x2ec3bc0-7
26 20.454346309506953 volume 0 compute 0x2d921c0-0x2d92120 0x2ec3540-9 10000000.000000
13 20.454346309506953 volume 0 data 0x2dc3f20-0x2d92120 0x2ec37c0-8
26 26.734357803973698 volume 0 request 0x2d921c0-0x2d92120 0x2ec3fc0-10 10000000.000000
13 26.734357803973698 volume 0 compute 0x2dc3e60-0x2dc3fa0 0x2ec3540-9
26 29.400248694373701 volume 0 data 0x2d921c0-0x2d92120 0x2ec3880-11 10000000.000000
13 29.400248694373701 volume 0 request 0x2dc3e20-0x2d920a0 0x2ec3fc0-10
13 30.923068737811420 volume 0 data 0x2dc3ee0-0x2d92020 0x2ec3880-11
26 30.923068737811420 volume 0 compute 0x2d921c0-0x2d92120 0x2ec37c0-12 10000000.000000
13 30.945051173990922 volume 0 compute 0x2dc3f20-0x2d92120 0x2ec37c0-12
26 30.945051173990922 volume 0 request 0x2d921c0-0x2d92120 0x2ec3300-13 10000000.000000
26 33.748223493380465 volume 0 data 0x2d921c0-0x2d92120 0x2ec3bc0-14 10000000.000000
13 33.748223493380465 volume 0 request 0x2dc3ea0-0x2d921a0 0x2ec3300-13
26 41.161233110654649 volume 0 compute 0x2d921c0-0x2d92120 0x2ec37c0-15 10000000.000000
13 41.161233110654649 volume 0 data 0x2dc3f20-0x2d92120 0x2ec3bc0-14
26 45.552735798130762 volume 0 request 0x2d921c0-0x2d92120 0x2ec3880-16 10000000.000000
13 45.552735798130762 volume 0 compute 0x2dc3ee0-0x2d92020 0x2ec37c0-15
26 48.851646170262079 volume 0 data 0x2d921c0-0x2d92120 0x2ec3540-17 10000000.000000
13 48.851646170262079 volume 0 request 0x2dc3ea0-0x2d921a0 0x2ec3880-16
13 50.137156871862075 volume 0 data 0x2dc3e60-0x2dc3fa0 0x2ec3540-17
26 50.137156871862075 volume 0 compute 0x2d921c0-0x2d92120 0x2ec3ac0-18 10000000.000000
13 52.112857667862073 volume 0 compute 0x2dc3e20-0x2d920a0 0x2ec3ac0-18
26 52.112857667862073 volume 0 request 0x2d921c0-0x2d92120 0x2ec3bc0-19 10000000.000000
13 52.134840104041572 volume 0 request 0x2dc3f20-0x2d92120 0x2ec3bc0-19
26 52.134840104041572 volume 0 data 0x2d921c0-0x2d92120 0x2ec3380-20 10000000.000000
26 60.182402858450111 volume 0 compute 0x2d921c0-0x2d92120 0x2ec37c0-21 10000000.000000
13 60.182402858450111 volume 0 data 0x2dc3ee0-0x2d92020 0x2ec3380-20
26 63.955068847143700 volume 0 request 0x2d921c0-0x2d92120 0x2ec3880-22 10000000.000000
13 63.955068847143700 volume 0 compute 0x2dc3ea0-0x2d921a0 0x2ec37c0-21
13 63.977051283323199 volume 0 request 0x2dc3f20-0x2d92120 0x2ec3880-22
26 63.977051283323199 volume 0 data 0x2d921c0-0x2d92120 0x2ec34c0-23 10000000.000000
26 72.044625834618557 volume 0 compute 0x2d921c0-0x2d92120 0x2ec3540-24 10000000.000000
13 72.044625834618557 volume 0 data 0x2dc3e60-0x2dc3fa0 0x2ec34c0-23
26 74.710516725018550 volume 0 request 0x2d921c0-0x2d92120 0x2ec3ac0-25 10000000.000000
13 74.710516725018550 volume 0 compute 0x2dc3e20-0x2d920a0 0x2ec3540-24
13 76.233336768456269 volume 0 request 0x2dc3ee0-0x2d92020 0x2ec3ac0-25
26 76.233336768456269 volume 0 data 0x2d921c0-0x2d92120 0x2ec3840-26 10000000.000000
13 76.255319204635768 volume 0 data 0x2dc3f20-0x2d92120 0x2ec3840-26
26 76.255319204635768 volume 0 compute 0x2d921c0-0x2d92120 0x2ec3d40-27 10000000.000000
26 79.058491524025328 volume 0 request 0x2d921c0-0x2d92120 0x2ec37c0-28 10000000.000000
13 79.058491524025328 volume 0 compute 0x2dc3ea0-0x2d921a0 0x2ec3d40-27
26 86.471501141299498 volume 0 data 0x2d921c0-0x2d92120 0x2ec3840-29 10000000.000000
13 86.471501141299498 volume 0 request 0x2dc3f20-0x2d92120 0x2ec37c0-28
26 90.863003828775604 volume 0 compute 0x2d921c0-0x2d92120 0x2ec3ac0-30 10000000.000000
13 90.863003828775604 volume 0 data 0x2dc3ee0-0x2d92020 0x2ec3840-29
26 94.161914200906949 volume 0 request 0x2d921c0-0x2d92120 0x2ec34c0-31 10000000.000000
13 94.161914200906949 volume 0 compute 0x2dc3ea0-0x2d921a0 0x2ec3ac0-30
13 95.447424902506953 volume 0 request 0x2dc3e60-0x2dc3fa0 0x2ec34c0-31
26 95.447424902506953 volume 0 data 0x2d921c0-0x2d92120 0x2ec3440-32 10000000.000000
13 97.423125698506951 volume 0 data 0x2dc3e20-0x2d920a0 0x2ec3440-32
26 97.423125698506951 volume 0 compute 0x2d921c0-0x2d92120 0x2ec37c0-33 10000000.000000
13 97.445108134686450 volume 0 compute 0x2dc3f20-0x2d92120 0x2ec37c0-33
26 97.445108134686450 volume 0 request 0x2d921c0-0x2d92120 0x2ec3880-34 10000000.000000
26 105.492670889094939 volume 0 data 0x2d921c0-0x2d92120 0x2ec3840-35 10000000.000000
13 105.492670889094939 volume 0 request 0x2dc3ee0-0x2d92020 0x2ec3880-34
26 109.265336877788570 volume 0 compute 0x2d921c0-0x2d92120 0x2ec3ac0-36 10000000.000000
13 109.265336877788570 volume 0 data 0x2dc3ea0-0x2d921a0 0x2ec3840-35
13 109.287319313968069 volume 0 compute 0x2dc3f20-0x2d92120 0x2ec3ac0-36
26 109.287319313968069 volume 0 request 0x2d921c0-0x2d92120 0x2ec3780-37 10000000.000000
26 117.354893865263435 volume 0 data 0x2d921c0-0x2d92120 0x2ec34c0-38 10000000.000000
13 117.354893865263435 volume 0 request 0x2dc3e60-0x2dc3fa0 0x2ec3780-37
26 120.020784755663428 volume 0 compute 0x2d921c0-0x2d92120 0x2ec3440-39 10000000.000000
13 120.020784755663428 volume 0 data 0x2dc3e20-0x2d920a0 0x2ec34c0-38
13 121.543604799101146 volume 0 compute 0x2dc3ee0-0x2d92020 0x2ec3440-39
26 121.543604799101146 volume 0 request 0x2d921c0-0x2d92120 0x2ec3380-40 10000000.000000
13 121.565587235280645 volume 0 request 0x2dc3f20-0x2d92120 0x2ec3380-40
26 121.565587235280645 volume 0 data 0x2d921c0-0x2d92120 0x2ec3bc0-41 10000000.000000
26 124.368759554670191 volume 0 compute 0x2d921c0-0x2d92120 0x2ec3840-42 10000000.000000
13 124.368759554670191 volume 0 data 0x2dc3ea0-0x2d921a0 0x2ec3bc0-41
26 131.781769171944376 volume 0 request 0x2d921c0-0x2d92120 0x2ec3380-43 10000000.000000
13 131.781769171944376 volume 0 compute 0x2dc3f20-0x2d92120 0x2ec3840-42
26 136.173271859420481 volume 0 data 0x2d921c0-0x2d92120 0x2ec3440-44 10000000.000000
13 136.173271859420481 volume 0 request 0x2dc3ee0-0x2d92020 0x2ec3380-43
26 139.472182231551812 volume 0 compute 0x2d921c0-0x2d92120 0x2ec3780-45 10000000.000000
13 139.472182231551812 volume 0 data 0x2dc3ea0-0x2d921a0 0x2ec3440-44
13 140.757692933151816 volume 0 compute 0x2dc3e60-0x2dc3fa0 0x2ec3780-45
26 140.757692933151816 volume 0 request 0x2d921c0-0x2d92120 0x2ec3fc0-46 10000000.000000
13 142.733393729151828 volume 0 request 0x2dc3e20-0x2d920a0 0x2ec3fc0-46
26 142.733393729151828 volume 0 data 0x2d921c0-0x2d92120 0x2ec3840-47 10000000.000000
13 142.755376165331342 volume 0 data 0x2dc3f20-0x2d92120 0x2ec3840-47
26 142.755376165331342 volume 0 compute 0x2d921c0-0x2d92120 0x2ec3ac0-48 10000000.000000
26 150.802938919739830 volume 0 request 0x2d921c0-0x2d92120 0x2ec3380-49 10000000.000000
13 150.802938919739830 volume 0 compute 0x2dc3ee0-0x2d92020 0x2ec3ac0-48
26 154.575604908433434 volume 0 data 0x2d921c0-0x2d92120 0x2ec3440-50 10000000.000000
13 154.575604908433434 volume 0 request 0x2dc3ea0-0x2d921a0 0x2ec3380-49
13 154.597587344612947 volume 0 data 0x2dc3f20-0x2d92120 0x2ec3440-50
26 154.597587344612947 volume 0 compute 0x2d921c0-0x2d92120 0x2ec3ec0-51 10000000.000000
26 162.665161895908284 volume 0 request 0x2d921c0-0x2d92120 0x2ec3780-52 10000000.000000
13 162.665161895908284 volume 0 compute 0x2dc3e60-0x2dc3fa0 0x2ec3ec0-51
26 165.331052786308305 volume 0 data 0x2d921c0-0x2d92120 0x2ec3fc0-53 10000000.000000
13 165.331052786308305 volume 0 request 0x2dc3e20-0x2d920a0 0x2ec3780-52
13 166.853872829746024 volume 0 data 0x2dc3ee0-0x2d92020 0x2ec3fc0-53
26 166.853872829746024 volume 0 compute 0x2d921c0-0x2d92120 0x2ec3880-54 10000000.000000
13 166.875855265925537 volume 0 compute 0x2dc3f20-0x2d92120 0x2ec3880-54
26 166.875855265925537 volume 0 request 0x2d921c0-0x2d92120 0x2ec37c0-55 10000000.000000
26 169.679027585315055 volume 0 data 0x2d921c0-0x2d92120 0x2ec3380-56 10000000.000000
13 169.679027585315055 volume 0 request 0x2dc3ea0-0x2d921a0 0x2ec37c0-55
26 177.092037202589268 volume 0 compute 0x2d921c0-0x2d92120 0x2ec3880-57 10000000.000000
13 177.092037202589268 volume 0 data 0x2dc3f20-0x2d92120 0x2ec3380-56
26 181.483539890065373 volume 0 request 0x2d921c0-0x2d92120 0x2ec3fc0-58 10000000.000000
13 181.483539890065373 volume 0 compute 0x2dc3ee0-0x2d92020 0x2ec3880-57
26 184.782450262196676 volume 0 data 0x2d921c0-0x2d92120 0x2ec3ec0-59 10000000.000000
13 184.782450262196676 volume 0 request 0x2dc3ea0-0x2d921a0 0x2ec3fc0-58
13 186.067960963796679 volume 0 data 0x2dc3e60-0x2dc3fa0 0x2ec3ec0-59
26 186.067960963796679 volume 0 finalize 0x2d921c0-0x2d92120 0x2ec3540-60 1000.000000
13 186.088492296296693 volume 0 finalize 0x2dc3e20-0x2d920a0 0x2ec3540-60
26 186.088492296296693 volume 0 finalize 0x2d921c0-0x2d92120 0x2ec3bc0-61 1000.000000
26 187.286394885717101 volume 0 finalize 0x2d921c0-0x2d92120 0x2ec3380-62 1000.000000
13 187.286394885717101 volume 0 finalize 0x2dc3f20-0x2d92120 0x2ec3bc0-61
26 194.605737445773656 volume 0 finalize 0x2d921c0-0x2d92120 0x2ec3d40-63 1000.000000
13 194.605737445773656 volume 0 finalize 0x2dc3ee0-0x2d92020 0x2ec3380-62
26 197.910045541578313 volume 0 finalize 0x2d921c0-0x2d92120 0x2ebe040-64 1000.000000
13 197.910045541578313 volume 0 finalize 0x2dc3ea0-0x2d921a0 0x2ec3d40-63
13 206.703278154453159 volume 0 finalize 0x2dc3e60-0x2dc3fa0 0x2ebe040-64
9 206.703278154453159 HOST Fafard
9 206.703278154453159 HOST R.2-0
9 206.703278154453159 HOST R.4-3
9 206.703278154453159 HOST R.3-2-5
9 206.703278154453159 HOST R.1-8-6
9 206.703278154453159 HOST R.6-7
9 206.703278154453159 HOST Tremblay
9 206.703278154453159 HOST R.1-0
9 206.703278154453159 HOST Bourassa
9 206.703278154453159 HOST Jupiter
9 206.703278154453159 HOST Ginette
